SELECT userid, adminid, user_name, user_rank, discount, email, data, expiry FROM `ectouch`.`ecs_sessions` WHERE sesskey = '98a14a4dfadb32670c992ea97bea91f2'

INSERT INTO `ectouch`.`ecs_sessions` (sesskey, expiry, ip, data) VALUES ('98a14a4dfadb32670c992ea97bea91f2', '1533887999', '127.0.0.1', 'a:0:{}')

SELECT code, value FROM `ectouch`.`ecs_shop_config` WHERE parent_id > 0

UPDATE `ectouch`.`ecs_sessions` SET expiry = '1533888000', ip = '127.0.0.1', userid = '0', adminid = '0', user_name='0', user_rank='0', discount='0', email='0', data = 'a:0:{}' WHERE sesskey = '98a14a4dfadb32670c992ea97bea91f2' LIMIT 1

DELETE FROM `ectouch`.`ecs_sessions` WHERE expiry < 1533886200

SELECT userid, adminid, user_name, user_rank, discount, email, data, expiry FROM `ectouch`.`ecs_sessions` WHERE sesskey = '98a14a4dfadb32670c992ea97bea91f2'

SELECT code, value FROM `ectouch`.`ecs_shop_config` WHERE parent_id > 0

DELETE FROM `ectouch`.`ecs_sessions_data` WHERE expiry < 1533886200

DELETE FROM `ectouch`.`ecs_sessions` WHERE expiry < 1533886200

SELECT userid, adminid, user_name, user_rank, discount, email, data, expiry FROM `ectouch`.`ecs_sessions` WHERE sesskey = '98a14a4dfadb32670c992ea97bea91f2'

SELECT code, value FROM `ectouch`.`ecs_shop_config` WHERE parent_id > 0

DELETE FROM `ectouch`.`ecs_sessions` WHERE expiry < 1533886200

SELECT userid, adminid, user_name, user_rank, discount, email, data, expiry FROM `ectouch`.`ecs_sessions` WHERE sesskey = '98a14a4dfadb32670c992ea97bea91f2'

SELECT code, value FROM `ectouch`.`ecs_shop_config` WHERE parent_id > 0

SELECT `ec_salt` FROM `ectouch`.`ecs_admin_user`WHERE user_name = 'admin'

SELECT user_id, user_name, password, last_login, action_list, last_login,suppliers_id,ec_salt FROM `ectouch`.`ecs_admin_user` WHERE user_name = 'admin' AND password = 'aa66d4a1f5ad49acfb5ede8037bc56d8'

UPDATE `ectouch`.`ecs_admin_user` SET last_login='1533859202', last_ip='127.0.0.1' WHERE user_id='1'

SELECT DISTINCT session_id FROM `ectouch`.`ecs_cart` AS c, `ectouch`.`ecs_sessions` AS s WHERE c.session_id = s.sesskey 

DELETE FROM `ectouch`.`ecs_cart` WHERE session_id NOT  IN ('') 

UPDATE `ectouch`.`ecs_sessions` SET expiry = '1533888002', ip = '127.0.0.1', userid = '0', adminid = '1', user_name='0', user_rank='0', discount='0', email='0', data = 'a:4:{s:10:\"admin_name\";s:5:\"admin\";s:11:\"action_list\";s:3:\"all\";s:10:\"last_check\";s:10:\"1533765771\";s:12:\"suppliers_id\";s:1:\"0\";}' WHERE sesskey = '98a14a4dfadb32670c992ea97bea91f2' LIMIT 1

DELETE FROM `ectouch`.`ecs_sessions` WHERE expiry < 1533886202

SELECT userid, adminid, user_name, user_rank, discount, email, data, expiry FROM `ectouch`.`ecs_sessions` WHERE sesskey = '98a14a4dfadb32670c992ea97bea91f2'

SELECT code, value FROM `ectouch`.`ecs_shop_config` WHERE parent_id > 0

DELETE FROM `ectouch`.`ecs_sessions_data` WHERE expiry < 1533886202

DELETE FROM `ectouch`.`ecs_sessions` WHERE expiry < 1533886202

SELECT userid, adminid, user_name, user_rank, discount, email, data, expiry FROM `ectouch`.`ecs_sessions` WHERE sesskey = '98a14a4dfadb32670c992ea97bea91f2'

SELECT code, value FROM `ectouch`.`ecs_shop_config` WHERE parent_id > 0

SELECT userid, adminid, user_name, user_rank, discount, email, data, expiry FROM `ectouch`.`ecs_sessions` WHERE sesskey = '98a14a4dfadb32670c992ea97bea91f2'

SELECT code, value FROM `ectouch`.`ecs_shop_config` WHERE parent_id > 0

SELECT agency_id FROM `ectouch`.`ecs_admin_user` WHERE user_id = '1'

SELECT * FROM `ectouch`.`ecs_admin_user`
            WHERE user_id = '1'
            LIMIT 0, 1

SELECT COUNT(*) FROM `ectouch`.`ecs_order_info` AS o  LEFT JOIN `ectouch`.`ecs_users` AS u ON o.user_id = u.user_id  LEFT JOIN `ectouch`.`ecs_users` AS pu ON u.parent_proxy_user_id = pu.user_id WHERE 1 

SELECT o.order_id, o.order_sn, o.add_time, o.order_status, o.shipping_status, o.order_amount, o.money_paid,o.pay_status, o.consignee, o.address, o.email, o.tel, o.extension_code, o.extension_id, (   o.goods_amount + o.tax + o.shipping_fee + o.insure_fee + o.pay_fee + o.pack_fee + o.card_fee ) AS total_fee, IFNULL(u.user_name, '匿名用户') AS buyer  FROM `ectouch`.`ecs_order_info` AS o  LEFT JOIN `ectouch`.`ecs_users` AS u ON u.user_id=o.user_id  LEFT JOIN `ectouch`.`ecs_users` AS pu ON u.parent_proxy_user_id = pu.user_id WHERE 1  ORDER BY add_time DESC  LIMIT 0,15

DELETE FROM `ectouch`.`ecs_sessions` WHERE expiry < 1533886206

SELECT userid, adminid, user_name, user_rank, discount, email, data, expiry FROM `ectouch`.`ecs_sessions` WHERE sesskey = '98a14a4dfadb32670c992ea97bea91f2'

SELECT code, value FROM `ectouch`.`ecs_shop_config` WHERE parent_id > 0

SELECT COUNT(*) FROM `ectouch`.`ecs_order_info` WHERE add_time >= '1533765771'

SELECT COUNT(*) FROM `ectouch`.`ecs_order_info` WHERE pay_time >= 1533765771

UPDATE `ectouch`.`ecs_sessions` SET expiry = '1533888006', ip = '127.0.0.1', userid = '0', adminid = '1', user_name='0', user_rank='0', discount='0', email='0', data = 'a:4:{s:10:\"admin_name\";s:5:\"admin\";s:11:\"action_list\";s:3:\"all\";s:10:\"last_check\";i:1533859206;s:12:\"suppliers_id\";s:1:\"0\";}' WHERE sesskey = '98a14a4dfadb32670c992ea97bea91f2' LIMIT 1

DELETE FROM `ectouch`.`ecs_sessions_data` WHERE expiry < 1533886206

DELETE FROM `ectouch`.`ecs_sessions` WHERE expiry < 1533886206

SELECT userid, adminid, user_name, user_rank, discount, email, data, expiry FROM `ectouch`.`ecs_sessions` WHERE sesskey = '98a14a4dfadb32670c992ea97bea91f2'

SELECT code, value FROM `ectouch`.`ecs_shop_config` WHERE parent_id > 0

SELECT *,  (goods_amount - discount + tax + shipping_fee + insure_fee + pay_fee + pack_fee + card_fee) AS total_fee  FROM `ectouch`.`ecs_order_info` WHERE order_id = '29'

SELECT agency_id FROM `ectouch`.`ecs_admin_user` WHERE user_id = '1'

SELECT MAX(order_id) FROM `ectouch`.`ecs_order_info` as o WHERE order_id < '29'

SELECT MIN(order_id) FROM `ectouch`.`ecs_order_info` as o WHERE order_id > '29'

SELECT * FROM `ectouch`.`ecs_users` WHERE user_id = '24'

SELECT agency_id, agency_name FROM `ectouch`.`ecs_agency`

SELECT concat(IFNULL(c.region_name, ''), '  ', IFNULL(p.region_name, ''), '  ', IFNULL(t.region_name, ''), '  ', IFNULL(d.region_name, '')) AS region FROM `ectouch`.`ecs_order_info` AS o LEFT JOIN `ectouch`.`ecs_region` AS c ON o.country = c.region_id LEFT JOIN `ectouch`.`ecs_region` AS p ON o.province = p.region_id LEFT JOIN `ectouch`.`ecs_region` AS t ON o.city = t.region_id LEFT JOIN `ectouch`.`ecs_region` AS d ON o.district = d.region_id WHERE o.order_id = '29'

SELECT action_note FROM `ectouch`.`ecs_order_action` WHERE order_id = '29' AND shipping_status = 1 ORDER BY log_time DESC

SELECT SUM(g.goods_weight * o.goods_number) AS weight, SUM(o.goods_price * o.goods_number) AS amount ,SUM(o.goods_number) AS number FROM `ectouch`.`ecs_order_goods` AS o, `ectouch`.`ecs_goods` AS g WHERE o.order_id = '29' AND o.goods_id = g.goods_id

SELECT rank_name FROM `ectouch`.`ecs_user_rank` WHERE rank_id = '3' 

SELECT COUNT(*) FROM `ectouch`.`ecs_bonus_type` AS bt, `ectouch`.`ecs_user_bonus` AS ub WHERE bt.type_id = ub.bonus_type_id AND ub.user_id = '24' AND ub.order_id = 0 AND bt.use_start_date <= '1533887999' AND bt.use_end_date >= '1533887999'

SELECT * FROM `ectouch`.`ecs_user_address` WHERE user_id = '24'

SELECT o.*, IF(o.product_id > 0, p.product_number, g.goods_number) AS storage, o.goods_attr, g.suppliers_id, IFNULL(b.brand_name, '') AS brand_name, p.product_sn
            FROM `ectouch`.`ecs_order_goods` AS o
                LEFT JOIN `ectouch`.`ecs_products` AS p
                    ON p.product_id = o.product_id
                LEFT JOIN `ectouch`.`ecs_goods` AS g
                    ON o.goods_id = g.goods_id
                LEFT JOIN `ectouch`.`ecs_brand` AS b
                    ON g.brand_id = b.brand_id
            WHERE o.order_id = '29'

SELECT * FROM `ectouch`.`ecs_payment` WHERE pay_id = '2' AND enabled = 1

SELECT COUNT(delivery_id)
            FROM `ectouch`.`ecs_delivery_order`
            WHERE order_id = '29'
            AND status = 0

SELECT * FROM `ectouch`.`ecs_order_action` WHERE order_id = '29' ORDER BY log_time DESC,action_id DESC

SELECT COUNT(*) FROM `ectouch`.`ecs_order_goods` WHERE order_id = '29' AND is_real = 1

DELETE FROM `ectouch`.`ecs_sessions_data` WHERE expiry < 1533886209

SELECT userid, adminid, user_name, user_rank, discount, email, data, expiry FROM `ectouch`.`ecs_sessions` WHERE sesskey = '98a14a4dfadb32670c992ea97bea91f2'

SELECT code, value FROM `ectouch`.`ecs_shop_config` WHERE parent_id > 0

SELECT *,  (goods_amount - discount + tax + shipping_fee + insure_fee + pay_fee + pack_fee + card_fee) AS total_fee  FROM `ectouch`.`ecs_order_info` WHERE order_id = '29'

SELECT agency_id FROM `ectouch`.`ecs_admin_user` WHERE user_id = '1'

SELECT * FROM `ectouch`.`ecs_users` WHERE user_id = '24'

SELECT concat(IFNULL(c.region_name, ''), '  ', IFNULL(p.region_name, ''), '  ', IFNULL(t.region_name, ''), '  ', IFNULL(d.region_name, '')) AS region FROM `ectouch`.`ecs_order_info` AS o LEFT JOIN `ectouch`.`ecs_region` AS c ON o.country = c.region_id LEFT JOIN `ectouch`.`ecs_region` AS p ON o.province = p.region_id LEFT JOIN `ectouch`.`ecs_region` AS t ON o.city = t.region_id LEFT JOIN `ectouch`.`ecs_region` AS d ON o.district = d.region_id WHERE o.order_id = '29'

SELECT COUNT(*) FROM `ectouch`.`ecs_order_goods` WHERE order_id = '29' AND is_real = 1

SELECT o.*, g.suppliers_id AS suppliers_id,IF(o.product_id > 0, p.product_number, g.goods_number) AS storage, o.goods_attr, IFNULL(b.brand_name, '') AS brand_name, p.product_sn FROM `ectouch`.`ecs_order_goods` AS o LEFT JOIN `ectouch`.`ecs_products` AS p ON o.product_id = p.product_id LEFT JOIN `ectouch`.`ecs_goods` AS g ON o.goods_id = g.goods_id LEFT JOIN `ectouch`.`ecs_brand` AS b ON g.brand_id = b.brand_id WHERE o.order_id = '29' 

SELECT *
            FROM `ectouch`.`ecs_suppliers`
            WHERE is_check = 1
            ORDER BY suppliers_name ASC

SELECT suppliers_id, suppliers_name, suppliers_desc
            FROM `ectouch`.`ecs_suppliers`
            WHERE  is_check = 1 

SELECT userid, adminid, user_name, user_rank, discount, email, data, expiry FROM `ectouch`.`ecs_sessions` WHERE sesskey = '98a14a4dfadb32670c992ea97bea91f2'

SELECT code, value FROM `ectouch`.`ecs_shop_config` WHERE parent_id > 0

SELECT *,  (goods_amount - discount + tax + shipping_fee + insure_fee + pay_fee + pack_fee + card_fee) AS total_fee  FROM `ectouch`.`ecs_order_info` WHERE order_id = '29'

SELECT * FROM `ectouch`.`ecs_payment` WHERE pay_id = '2' AND enabled = 1

SELECT COUNT(delivery_id)
            FROM `ectouch`.`ecs_delivery_order`
            WHERE order_id = '29'
            AND status = 0

SELECT o.*, g.suppliers_id AS suppliers_id,IF(o.product_id > 0, p.product_number, g.goods_number) AS storage, o.goods_attr, IFNULL(b.brand_name, '') AS brand_name, p.product_sn FROM `ectouch`.`ecs_order_goods` AS o LEFT JOIN `ectouch`.`ecs_products` AS p ON o.product_id = p.product_id LEFT JOIN `ectouch`.`ecs_goods` AS g ON o.goods_id = g.goods_id LEFT JOIN `ectouch`.`ecs_brand` AS b ON g.brand_id = b.brand_id WHERE o.order_id = '29' 

SELECT SUM(G.send_number) AS sums
            FROM `ectouch`.`ecs_delivery_goods` AS G, `ectouch`.`ecs_delivery_order` AS O
            WHERE O.delivery_id = G.delivery_id
            AND O.status = 0
            AND O.order_id = 29
            AND G.extension_code <> "package_buy"
            AND G.goods_id = 1

SELECT goods_number FROM `ectouch`.`ecs_goods` WHERE goods_id = '1' LIMIT 0,1

select add_time from `ectouch`.`ecs_order_info` WHERE order_sn = '2018080918054146947'

DESC `ectouch`.`ecs_delivery_order`

INSERT INTO `ectouch`.`ecs_delivery_order` (delivery_sn, order_sn, order_id, add_time, shipping_id, shipping_name, user_id, action_user, consignee, address, country, province, city, district, sign_building, email, zipcode, tel, mobile, best_time, postscript, how_oos, insure_fee, shipping_fee, update_time, suppliers_id, status, agency_id) VALUES ('20180810160027204', '2018080918054146947', '29', '1533780341', '1', '申通快递', '24', 'admin', '23xx2', 'asd', '1', '3', '36', '398', '', '', '', '', '13129484282', '', '', '等待所有商品备齐后再发', '0', '15', '1533859214', '0', '2', '0')

DESC `ectouch`.`ecs_delivery_goods`

INSERT INTO `ectouch`.`ecs_delivery_goods` (delivery_id, goods_id, product_id, product_sn, goods_name, brand_name, goods_sn, is_real, parent_id, send_number, goods_attr) VALUES ('9', '1', '0', '', '123', '', '123', '1', '0', '1', '')

UPDATE `ectouch`.`ecs_order_goods`
                            SET send_number = send_number + 1
                            WHERE order_id = '29'
                            AND rec_id = '18' 

SELECT COUNT(rec_id)
            FROM `ectouch`.`ecs_order_goods`
            WHERE order_id = '29'
            AND goods_number > send_number

DESC `ectouch`.`ecs_order_info`

UPDATE `ectouch`.`ecs_order_info` SET order_status = '5', shipping_status = '5' WHERE order_id = '29'

INSERT INTO `ectouch`.`ecs_order_action` (order_id, action_user, order_status, shipping_status, pay_status, action_place, action_note, log_time) SELECT order_id, 'admin', '5', '5', '2', '0', '123', '1533859214' FROM `ectouch`.`ecs_order_info` WHERE order_sn = '2018080918054146947'

DELETE FROM `ectouch`.`ecs_sessions` WHERE expiry < 1533886214

SELECT userid, adminid, user_name, user_rank, discount, email, data, expiry FROM `ectouch`.`ecs_sessions` WHERE sesskey = '98a14a4dfadb32670c992ea97bea91f2'

SELECT code, value FROM `ectouch`.`ecs_shop_config` WHERE parent_id > 0

SELECT *,  (goods_amount - discount + tax + shipping_fee + insure_fee + pay_fee + pack_fee + card_fee) AS total_fee  FROM `ectouch`.`ecs_order_info` WHERE order_id = '29'

SELECT agency_id FROM `ectouch`.`ecs_admin_user` WHERE user_id = '1'

SELECT MAX(order_id) FROM `ectouch`.`ecs_order_info` as o WHERE order_id < '29'

SELECT MIN(order_id) FROM `ectouch`.`ecs_order_info` as o WHERE order_id > '29'

SELECT * FROM `ectouch`.`ecs_users` WHERE user_id = '24'

SELECT agency_id, agency_name FROM `ectouch`.`ecs_agency`

SELECT concat(IFNULL(c.region_name, ''), '  ', IFNULL(p.region_name, ''), '  ', IFNULL(t.region_name, ''), '  ', IFNULL(d.region_name, '')) AS region FROM `ectouch`.`ecs_order_info` AS o LEFT JOIN `ectouch`.`ecs_region` AS c ON o.country = c.region_id LEFT JOIN `ectouch`.`ecs_region` AS p ON o.province = p.region_id LEFT JOIN `ectouch`.`ecs_region` AS t ON o.city = t.region_id LEFT JOIN `ectouch`.`ecs_region` AS d ON o.district = d.region_id WHERE o.order_id = '29'

SELECT action_note FROM `ectouch`.`ecs_order_action` WHERE order_id = '29' AND shipping_status = 1 ORDER BY log_time DESC

SELECT SUM(g.goods_weight * o.goods_number) AS weight, SUM(o.goods_price * o.goods_number) AS amount ,SUM(o.goods_number) AS number FROM `ectouch`.`ecs_order_goods` AS o, `ectouch`.`ecs_goods` AS g WHERE o.order_id = '29' AND o.goods_id = g.goods_id

SELECT rank_name FROM `ectouch`.`ecs_user_rank` WHERE rank_id = '3' 

SELECT COUNT(*) FROM `ectouch`.`ecs_bonus_type` AS bt, `ectouch`.`ecs_user_bonus` AS ub WHERE bt.type_id = ub.bonus_type_id AND ub.user_id = '24' AND ub.order_id = 0 AND bt.use_start_date <= '1533887999' AND bt.use_end_date >= '1533887999'

SELECT * FROM `ectouch`.`ecs_user_address` WHERE user_id = '24'

SELECT o.*, IF(o.product_id > 0, p.product_number, g.goods_number) AS storage, o.goods_attr, g.suppliers_id, IFNULL(b.brand_name, '') AS brand_name, p.product_sn
            FROM `ectouch`.`ecs_order_goods` AS o
                LEFT JOIN `ectouch`.`ecs_products` AS p
                    ON p.product_id = o.product_id
                LEFT JOIN `ectouch`.`ecs_goods` AS g
                    ON o.goods_id = g.goods_id
                LEFT JOIN `ectouch`.`ecs_brand` AS b
                    ON g.brand_id = b.brand_id
            WHERE o.order_id = '29'

SELECT * FROM `ectouch`.`ecs_payment` WHERE pay_id = '2' AND enabled = 1

SELECT * FROM `ectouch`.`ecs_order_action` WHERE order_id = '29' ORDER BY log_time DESC,action_id DESC

SELECT COUNT(*) FROM `ectouch`.`ecs_order_goods` WHERE order_id = '29' AND is_real = 1

UPDATE `ectouch`.`ecs_sessions` SET expiry = '1533888016', ip = '127.0.0.1', userid = '0', adminid = '1', user_name='0', user_rank='0', discount='0', email='0', data = 'a:4:{s:10:\"admin_name\";s:5:\"admin\";s:11:\"action_list\";s:3:\"all\";s:10:\"last_check\";i:1533859206;s:12:\"suppliers_id\";s:1:\"0\";}' WHERE sesskey = '98a14a4dfadb32670c992ea97bea91f2' LIMIT 1

DELETE FROM `ectouch`.`ecs_sessions_data` WHERE expiry < 1533886216

DELETE FROM `ectouch`.`ecs_sessions` WHERE expiry < 1533886216

SELECT userid, adminid, user_name, user_rank, discount, email, data, expiry FROM `ectouch`.`ecs_sessions` WHERE sesskey = '98a14a4dfadb32670c992ea97bea91f2'

SELECT code, value FROM `ectouch`.`ecs_shop_config` WHERE parent_id > 0

DELETE FROM `ectouch`.`ecs_sessions` WHERE expiry < 1533886220

SELECT userid, adminid, user_name, user_rank, discount, email, data, expiry FROM `ectouch`.`ecs_sessions` WHERE sesskey = '98a14a4dfadb32670c992ea97bea91f2'

SELECT code, value FROM `ectouch`.`ecs_shop_config` WHERE parent_id > 0

SELECT * FROM `ectouch`.`ecs_admin_user`
            WHERE user_id = '1'
            LIMIT 0, 1

SELECT COUNT(*) FROM `ectouch`.`ecs_delivery_order` AS do  LEFT JOIN `ectouch`.`ecs_order_info` AS o ON o.order_id = do.order_id  LEFT JOIN `ectouch`.`ecs_users` AS u ON o.user_id = u.user_id  LEFT JOIN `ectouch`.`ecs_users` AS pu ON pu.user_id = u.parent_proxy_user_id WHERE 1  AND do.order_sn LIKE '%2018080918054146947%'

SELECT *
            FROM `ectouch`.`ecs_suppliers`
            WHERE is_check = 1
            ORDER BY suppliers_name ASC

SELECT do.* FROM `ectouch`.`ecs_delivery_order` AS do  LEFT JOIN `ectouch`.`ecs_order_info` AS o ON o.order_id = do.order_id  LEFT JOIN `ectouch`.`ecs_users` AS u ON o.user_id = u.user_id  LEFT JOIN `ectouch`.`ecs_users` AS pu ON pu.user_id = u.parent_proxy_user_id WHERE 1  AND do.order_sn LIKE '%2018080918054146947%' ORDER BY update_time DESC
                LIMIT 0, 15 

DELETE FROM `ectouch`.`ecs_sessions` WHERE expiry < 1533886220

SELECT userid, adminid, user_name, user_rank, discount, email, data, expiry FROM `ectouch`.`ecs_sessions` WHERE sesskey = '98a14a4dfadb32670c992ea97bea91f2'

SELECT code, value FROM `ectouch`.`ecs_shop_config` WHERE parent_id > 0

SELECT * FROM `ectouch`.`ecs_admin_user`
            WHERE user_id = '1'
            LIMIT 0, 1

SELECT * FROM `ectouch`.`ecs_delivery_order` WHERE delivery_id = '9' LIMIT 0, 1

SELECT agency_id FROM `ectouch`.`ecs_admin_user` WHERE user_id = '1'

SELECT * FROM `ectouch`.`ecs_users` WHERE user_id = '24'

SELECT concat(IFNULL(c.region_name, ''), '  ', IFNULL(p.region_name, ''), '  ', IFNULL(t.region_name, ''), '  ', IFNULL(d.region_name, '')) AS region FROM `ectouch`.`ecs_order_info` AS o LEFT JOIN `ectouch`.`ecs_region` AS c ON o.country = c.region_id LEFT JOIN `ectouch`.`ecs_region` AS p ON o.province = p.region_id LEFT JOIN `ectouch`.`ecs_region` AS t ON o.city = t.region_id LEFT JOIN `ectouch`.`ecs_region` AS d ON o.district = d.region_id WHERE o.order_id = '29'

SELECT *
                  FROM `ectouch`.`ecs_delivery_goods`
                  WHERE delivery_id = 9

SELECT * FROM `ectouch`.`ecs_order_action` WHERE order_id = '29' AND action_place = 1 ORDER BY log_time DESC,action_id DESC

DELETE FROM `ectouch`.`ecs_sessions` WHERE expiry < 1533886222

SELECT userid, adminid, user_name, user_rank, discount, email, data, expiry FROM `ectouch`.`ecs_sessions` WHERE sesskey = '98a14a4dfadb32670c992ea97bea91f2'

SELECT code, value FROM `ectouch`.`ecs_shop_config` WHERE parent_id > 0

SELECT * FROM `ectouch`.`ecs_admin_user`
            WHERE user_id = '1'
            LIMIT 0, 1

SELECT * FROM `ectouch`.`ecs_delivery_order` WHERE delivery_id = '9' LIMIT 0, 1

SELECT *,  (goods_amount - discount + tax + shipping_fee + insure_fee + pay_fee + pack_fee + card_fee) AS total_fee  FROM `ectouch`.`ecs_order_info` WHERE order_id = '29'

SELECT DG.goods_id, DG.is_real, DG.product_id, SUM(DG.send_number) AS sums, IF(DG.product_id > 0, P.product_number, G.goods_number) AS storage, G.goods_name, DG.send_number
        FROM `ectouch`.`ecs_delivery_goods` AS DG, `ectouch`.`ecs_goods` AS G, `ectouch`.`ecs_products` AS P
        WHERE DG.goods_id = G.goods_id
        AND DG.delivery_id = '9'
        AND DG.product_id = P.product_id
        GROUP BY DG.product_id 

SELECT DG.goods_id, DG.is_real, SUM(DG.send_number) AS sums, G.goods_number, G.goods_name, DG.send_number
        FROM `ectouch`.`ecs_delivery_goods` AS DG, `ectouch`.`ecs_goods` AS G
        WHERE DG.goods_id = G.goods_id
        AND DG.delivery_id = '9'
        GROUP BY DG.goods_id 

UPDATE `ectouch`.`ecs_goods`
                                    SET goods_number = goods_number - 1
                                    WHERE goods_id = 1

DESC `ectouch`.`ecs_delivery_order`

UPDATE `ectouch`.`ecs_delivery_order` SET invoice_no = '123', status = '0' WHERE delivery_id = 9

SELECT COUNT(rec_id)
            FROM `ectouch`.`ecs_order_goods`
            WHERE order_id = '29'
            AND goods_number > send_number

SELECT COUNT(delivery_id)
                FROM `ectouch`.`ecs_delivery_order`
                WHERE order_id = '29'
                AND status = 2 

DESC `ectouch`.`ecs_order_info`

UPDATE `ectouch`.`ecs_order_info` SET shipping_status = '1', shipping_time = '1533859224', invoice_no = '123' WHERE order_id = '29'

INSERT INTO `ectouch`.`ecs_order_action` (order_id, action_user, order_status, shipping_status, pay_status, action_place, action_note, log_time) SELECT order_id, 'admin', '1', '1', '2', '1', '123', '1533859224' FROM `ectouch`.`ecs_order_info` WHERE order_sn = '2018080918054146947'

SELECT * FROM `ectouch`.`ecs_users` WHERE user_id = '24'

SELECT SUM(og.goods_number * IF(g.give_integral > -1, g.give_integral, og.goods_price)) AS custom_points, SUM(og.goods_number * IF(g.rank_integral > -1, g.rank_integral, og.goods_price)) AS rank_points FROM `ectouch`.`ecs_order_goods` AS og, `ectouch`.`ecs_goods` AS g WHERE og.goods_id = g.goods_id AND og.order_id = '29' AND og.goods_id > 0 AND og.parent_id = 0 AND og.is_gift = 0 AND og.extension_code != 'package_buy'

DESC `ectouch`.`ecs_account_log`

INSERT INTO `ectouch`.`ecs_account_log` (user_id, user_money, frozen_money, rank_points, pay_points, change_time, change_desc, change_type) VALUES ('24', '0', '0', '0', '0', '1533859224', '订单 2018080918054146947 赠送的积分', '99')

UPDATE `ectouch`.`ecs_users` SET user_money = user_money + ('0'), frozen_money = frozen_money + ('0'), rank_points = rank_points + ('0'), pay_points = pay_points + ('0') WHERE user_id = '24' LIMIT 1

SELECT b.type_id, b.type_money, SUM(o.goods_number) AS number FROM `ectouch`.`ecs_order_goods` AS o, `ectouch`.`ecs_goods` AS g, `ectouch`.`ecs_bonus_type` AS b  WHERE o.order_id = '29'  AND o.is_gift = 0  AND o.goods_id = g.goods_id  AND g.bonus_type_id = b.type_id  AND b.send_type = '1'  AND b.send_start_date <= '1533887999'  AND b.send_end_date >= '1533887999'  GROUP BY b.type_id 

SELECT SUM(goods_price * goods_number) FROM `ectouch`.`ecs_order_goods` WHERE order_id = '29' AND is_gift = 0

SELECT add_time  FROM `ectouch`.`ecs_order_info` WHERE order_id = '29' LIMIT 1

SELECT type_id, type_money, IFNULL(FLOOR('0.9' / min_amount), 1) AS number FROM `ectouch`.`ecs_bonus_type`WHERE send_type = '2' AND send_start_date <= '1533780341' AND send_end_date >= '1533780341' 

SELECT name, config FROM `ectouch`.`ecs_wechat_extend` where enable = 1 and command = "send_remind" limit 1

DELETE FROM `ectouch`.`ecs_sessions_data` WHERE expiry < 1533886224

DELETE FROM `ectouch`.`ecs_sessions` WHERE expiry < 1533886224

SELECT userid, adminid, user_name, user_rank, discount, email, data, expiry FROM `ectouch`.`ecs_sessions` WHERE sesskey = '98a14a4dfadb32670c992ea97bea91f2'

SELECT code, value FROM `ectouch`.`ecs_shop_config` WHERE parent_id > 0

SELECT * FROM `ectouch`.`ecs_admin_user`
            WHERE user_id = '1'
            LIMIT 0, 1

SELECT COUNT(*) FROM `ectouch`.`ecs_delivery_order` AS do  LEFT JOIN `ectouch`.`ecs_order_info` AS o ON o.order_id = do.order_id  LEFT JOIN `ectouch`.`ecs_users` AS u ON o.user_id = u.user_id  LEFT JOIN `ectouch`.`ecs_users` AS pu ON pu.user_id = u.parent_proxy_user_id WHERE 1 

SELECT *
            FROM `ectouch`.`ecs_suppliers`
            WHERE is_check = 1
            ORDER BY suppliers_name ASC

SELECT do.* FROM `ectouch`.`ecs_delivery_order` AS do  LEFT JOIN `ectouch`.`ecs_order_info` AS o ON o.order_id = do.order_id  LEFT JOIN `ectouch`.`ecs_users` AS u ON o.user_id = u.user_id  LEFT JOIN `ectouch`.`ecs_users` AS pu ON pu.user_id = u.parent_proxy_user_id WHERE 1  ORDER BY update_time DESC
                LIMIT 0, 15 

UPDATE `ectouch`.`ecs_sessions` SET expiry = '1533888030', ip = '127.0.0.1', userid = '0', adminid = '1', user_name='0', user_rank='0', discount='0', email='0', data = 'a:4:{s:10:\"admin_name\";s:5:\"admin\";s:11:\"action_list\";s:3:\"all\";s:10:\"last_check\";i:1533859206;s:12:\"suppliers_id\";s:1:\"0\";}' WHERE sesskey = '98a14a4dfadb32670c992ea97bea91f2' LIMIT 1

DELETE FROM `ectouch`.`ecs_sessions_data` WHERE expiry < 1533886230

DELETE FROM `ectouch`.`ecs_sessions` WHERE expiry < 1533886230

SELECT userid, adminid, user_name, user_rank, discount, email, data, expiry FROM `ectouch`.`ecs_sessions` WHERE sesskey = '98a14a4dfadb32670c992ea97bea91f2'

SELECT code, value FROM `ectouch`.`ecs_shop_config` WHERE parent_id > 0

SELECT COUNT(*) FROM `ectouch`.`ecs_order_info` WHERE add_time >= '1533859206'

SELECT COUNT(*) FROM `ectouch`.`ecs_order_info` WHERE pay_time >= 1533859206

UPDATE `ectouch`.`ecs_sessions` SET expiry = '1533888212', ip = '127.0.0.1', userid = '0', adminid = '1', user_name='0', user_rank='0', discount='0', email='0', data = 'a:4:{s:10:\"admin_name\";s:5:\"admin\";s:11:\"action_list\";s:3:\"all\";s:10:\"last_check\";i:1533859412;s:12:\"suppliers_id\";s:1:\"0\";}' WHERE sesskey = '98a14a4dfadb32670c992ea97bea91f2' LIMIT 1

DELETE FROM `ectouch`.`ecs_sessions` WHERE expiry < 1533886412

SELECT userid, adminid, user_name, user_rank, discount, email, data, expiry FROM `ectouch`.`ecs_sessions` WHERE sesskey = '98a14a4dfadb32670c992ea97bea91f2'

SELECT code, value FROM `ectouch`.`ecs_shop_config` WHERE parent_id > 0

SELECT COUNT(*) FROM `ectouch`.`ecs_order_info` WHERE add_time >= '1533859412'

SELECT COUNT(*) FROM `ectouch`.`ecs_order_info` WHERE pay_time >= 1533859412

UPDATE `ectouch`.`ecs_sessions` SET expiry = '1533888396', ip = '127.0.0.1', userid = '0', adminid = '1', user_name='0', user_rank='0', discount='0', email='0', data = 'a:4:{s:10:\"admin_name\";s:5:\"admin\";s:11:\"action_list\";s:3:\"all\";s:10:\"last_check\";i:1533859596;s:12:\"suppliers_id\";s:1:\"0\";}' WHERE sesskey = '98a14a4dfadb32670c992ea97bea91f2' LIMIT 1

DELETE FROM `ectouch`.`ecs_sessions_data` WHERE expiry < 1533886596

DELETE FROM `ectouch`.`ecs_sessions` WHERE expiry < 1533886596

SELECT userid, adminid, user_name, user_rank, discount, email, data, expiry FROM `ectouch`.`ecs_sessions` WHERE sesskey = '98a14a4dfadb32670c992ea97bea91f2'

SELECT code, value FROM `ectouch`.`ecs_shop_config` WHERE parent_id > 0

SELECT COUNT(*) FROM `ectouch`.`ecs_order_info` WHERE add_time >= '1533859596'

SELECT COUNT(*) FROM `ectouch`.`ecs_order_info` WHERE pay_time >= 1533859596

UPDATE `ectouch`.`ecs_sessions` SET expiry = '1533888753', ip = '127.0.0.1', userid = '0', adminid = '1', user_name='0', user_rank='0', discount='0', email='0', data = 'a:4:{s:10:\"admin_name\";s:5:\"admin\";s:11:\"action_list\";s:3:\"all\";s:10:\"last_check\";i:1533859953;s:12:\"suppliers_id\";s:1:\"0\";}' WHERE sesskey = '98a14a4dfadb32670c992ea97bea91f2' LIMIT 1

DELETE FROM `ectouch`.`ecs_sessions_data` WHERE expiry < 1533886953

SELECT userid, adminid, user_name, user_rank, discount, email, data, expiry FROM `ectouch`.`ecs_sessions` WHERE sesskey = '98a14a4dfadb32670c992ea97bea91f2'

SELECT code, value FROM `ectouch`.`ecs_shop_config` WHERE parent_id > 0

SELECT agency_id FROM `ectouch`.`ecs_admin_user` WHERE user_id = '1'

SELECT * FROM `ectouch`.`ecs_admin_user`
            WHERE user_id = '1'
            LIMIT 0, 1

SELECT COUNT(*) FROM `ectouch`.`ecs_order_return` AS o  LEFT JOIN `ectouch`.`ecs_users` AS u ON u.user_id=o.user_id  LEFT JOIN `ectouch`.`ecs_users` AS pu ON u.parent_proxy_user_id=pu.user_id WHERE 1 

SELECT o.ret_id, o.rec_id, o.service_sn, o.order_sn, o.add_time, o.user_id, o.service_id, o.should_return , o.actual_return, o.is_check,o.return_status, o.refund_status, r.back_num, r.out_num, IFNULL(u.user_name, '') AS buyer  FROM `ectouch`.`ecs_order_return` AS o  LEFT JOIN `ectouch`.`ecs_users` AS u ON u.user_id=o.user_id   LEFT JOIN `ectouch`.`ecs_users` AS pu ON u.parent_proxy_user_id=pu.user_id  LEFT JOIN `ectouch`.`ecs_return_goods` AS r ON o.rec_id = r.rec_id WHERE 1  ORDER BY add_time DESC  LIMIT 0,15

SELECT * FROM `ectouch`.`ecs_service_type` WHERE service_type='3'

SELECT  user_name FROM `ectouch`.`ecs_users` WHERE user_id = '24'

SELECT * FROM `ectouch`.`ecs_service_type` WHERE service_type='3'

SELECT  user_name FROM `ectouch`.`ecs_users` WHERE user_id = '25'

SELECT * FROM `ectouch`.`ecs_service_type` WHERE service_type='3'

SELECT  user_name FROM `ectouch`.`ecs_users` WHERE user_id = '25'

SELECT * FROM `ectouch`.`ecs_service_type` WHERE service_type='1'

SELECT  user_name FROM `ectouch`.`ecs_users` WHERE user_id = '26'

UPDATE `ectouch`.`ecs_sessions` SET expiry = '1533889096', ip = '127.0.0.1', userid = '0', adminid = '1', user_name='0', user_rank='0', discount='0', email='0', data = 'a:4:{s:10:\"admin_name\";s:5:\"admin\";s:11:\"action_list\";s:3:\"all\";s:10:\"last_check\";i:1533859953;s:12:\"suppliers_id\";s:1:\"0\";}' WHERE sesskey = '98a14a4dfadb32670c992ea97bea91f2' LIMIT 1

DELETE FROM `ectouch`.`ecs_sessions` WHERE expiry < 1533887296

SELECT userid, adminid, user_name, user_rank, discount, email, data, expiry FROM `ectouch`.`ecs_sessions` WHERE sesskey = '98a14a4dfadb32670c992ea97bea91f2'

SELECT code, value FROM `ectouch`.`ecs_shop_config` WHERE parent_id > 0

SELECT COUNT(*) FROM `ectouch`.`ecs_order_info` WHERE add_time >= '1533859953'

SELECT COUNT(*) FROM `ectouch`.`ecs_order_info` WHERE pay_time >= 1533859953

UPDATE `ectouch`.`ecs_sessions` SET expiry = '1533889096', ip = '127.0.0.1', userid = '0', adminid = '1', user_name='0', user_rank='0', discount='0', email='0', data = 'a:4:{s:10:\"admin_name\";s:5:\"admin\";s:11:\"action_list\";s:3:\"all\";s:10:\"last_check\";i:1533860296;s:12:\"suppliers_id\";s:1:\"0\";}' WHERE sesskey = '98a14a4dfadb32670c992ea97bea91f2' LIMIT 1

DELETE FROM `ectouch`.`ecs_sessions` WHERE expiry < 1533887296

SELECT userid, adminid, user_name, user_rank, discount, email, data, expiry FROM `ectouch`.`ecs_sessions` WHERE sesskey = '98a14a4dfadb32670c992ea97bea91f2'

SELECT code, value FROM `ectouch`.`ecs_shop_config` WHERE parent_id > 0

SELECT r.ret_id, r.rec_id, r.service_sn, r.goods_id, r.user_id, r.order_id, r.order_sn, r.cause_id, r.service_id, r.add_time,r.remark ,
            r.return_status, r.refund_status, r.seller_id, r.is_check, r.should_return, r.back_shipping_name, r.back_other_shipping, r.back_invoice_no, r.out_shipping_name, r.out_invoice_no, r.to_buyer,
            g.goods_thumb, g.goods_name, o.order_sn ,o.add_time,r.addressee,r.phone, r.address, d.delivery_sn, d.update_time, d.how_oos ,d.shipping_fee, d.insure_fee , d.invoice_no,
            d.email, d.sign_building , d.best_time , d.country , d.province , d.city , d.district, rg.back_num   FROM `ectouch`.`ecs_order_return` as r LEFT JOIN  `ectouch`.`ecs_goods_attr` as ga ON r.goods_id = ga.goods_id  LEFT JOIN `ectouch`.`ecs_return_goods` as rg ON r.rec_id = rg.rec_id  LEFT JOIN `ectouch`.`ecs_goods` as g ON g.goods_id=r.goods_id  LEFT JOIN `ectouch`.`ecs_order_info` as o ON o.order_id = r.order_id LEFT JOIN `ectouch`.`ecs_delivery_order` as d ON d.order_id = o.order_id  WHERE r.ret_id = '4'

SELECT * FROM `ectouch`.`ecs_service_type` WHERE service_type='3'

SELECT cause_id,cause_name ,parent_id,is_show FROM `ectouch`.`ecs_return_cause`WHERE cause_id = '0' AND is_show = 1

SELECT * FROM `ectouch`.`ecs_aftermarket_attachments` WHERE rec_id = 18

SELECT concat(IFNULL(c.region_name, ''), '  ', IFNULL(p.region_name, ''), '  ', IFNULL(t.region_name, ''), '  ', IFNULL(d.region_name, '')) AS region FROM `ectouch`.`ecs_order_return` AS o LEFT JOIN `ectouch`.`ecs_region` AS c ON o.country = c.region_id LEFT JOIN `ectouch`.`ecs_region` AS p ON o.province = p.region_id LEFT JOIN `ectouch`.`ecs_region` AS t ON o.city = t.region_id LEFT JOIN `ectouch`.`ecs_region` AS d ON o.district = d.region_id WHERE o.ret_id = '4'

SELECT *,  (goods_amount - discount + tax + shipping_fee + insure_fee + pay_fee + pack_fee + card_fee) AS total_fee  FROM `ectouch`.`ecs_order_info` WHERE order_id = '29'

SELECT agency_id FROM `ectouch`.`ecs_admin_user` WHERE user_id = '1'

SELECT * FROM `ectouch`.`ecs_users` WHERE user_id = '24'

select * FROM `ectouch`.`ecs_order_goods` WHERE rec_id =18

SELECT * FROM `ectouch`.`ecs_service_type` WHERE service_type='3'

SELECT rg.* FROM `ectouch`.`ecs_return_goods` as rg  LEFT JOIN `ectouch`.`ecs_order_return`as r ON rg.rec_id = r.rec_id  WHERE r.ret_id = 4

SELECT s.shipping_id, s.shipping_code, s.shipping_name, s.shipping_desc, s.insure, s.support_cod, a.configure FROM `ectouch`.`ecs_shipping` AS s, `ectouch`.`ecs_shipping_area` AS a, `ectouch`.`ecs_area_region` AS r WHERE r.region_id  IN ('1','3','36','398')  AND r.shipping_area_id = a.shipping_area_id AND a.shipping_id = s.shipping_id AND s.enabled = 1 ORDER BY s.shipping_order

SELECT SUM(g.goods_weight * o.goods_number) AS weight, SUM(o.goods_price * o.goods_number) AS amount ,SUM(o.goods_number) AS number FROM `ectouch`.`ecs_order_goods` AS o, `ectouch`.`ecs_goods` AS g WHERE o.order_id = '' AND o.goods_id = g.goods_id

SELECT * FROM `ectouch`.`ecs_return_action` WHERE ret_id = '4'  ORDER BY log_time DESC,ret_id DESC

SELECT * FROM `ectouch`.`ecs_service_type` WHERE service_type = 3

DELETE FROM `ectouch`.`ecs_sessions_data` WHERE expiry < 1533887300

DELETE FROM `ectouch`.`ecs_sessions` WHERE expiry < 1533887300

SELECT userid, adminid, user_name, user_rank, discount, email, data, expiry FROM `ectouch`.`ecs_sessions` WHERE sesskey = '98a14a4dfadb32670c992ea97bea91f2'

SELECT code, value FROM `ectouch`.`ecs_shop_config` WHERE parent_id > 0

SELECT COUNT(*) FROM `ectouch`.`ecs_order_info` WHERE add_time >= '1533860296'

SELECT COUNT(*) FROM `ectouch`.`ecs_order_info` WHERE pay_time >= 1533860296

UPDATE `ectouch`.`ecs_sessions` SET expiry = '1533889281', ip = '127.0.0.1', userid = '0', adminid = '1', user_name='0', user_rank='0', discount='0', email='0', data = 'a:4:{s:10:\"admin_name\";s:5:\"admin\";s:11:\"action_list\";s:3:\"all\";s:10:\"last_check\";i:1533860481;s:12:\"suppliers_id\";s:1:\"0\";}' WHERE sesskey = '98a14a4dfadb32670c992ea97bea91f2' LIMIT 1

DELETE FROM `ectouch`.`ecs_sessions_data` WHERE expiry < 1533887481

SELECT userid, adminid, user_name, user_rank, discount, email, data, expiry FROM `ectouch`.`ecs_sessions` WHERE sesskey = '98a14a4dfadb32670c992ea97bea91f2'

SELECT code, value FROM `ectouch`.`ecs_shop_config` WHERE parent_id > 0

SELECT COUNT(*) FROM `ectouch`.`ecs_order_info` WHERE add_time >= '1533860481'

SELECT COUNT(*) FROM `ectouch`.`ecs_order_info` WHERE pay_time >= 1533860481

UPDATE `ectouch`.`ecs_sessions` SET expiry = '1533889464', ip = '127.0.0.1', userid = '0', adminid = '1', user_name='0', user_rank='0', discount='0', email='0', data = 'a:4:{s:10:\"admin_name\";s:5:\"admin\";s:11:\"action_list\";s:3:\"all\";s:10:\"last_check\";i:1533860664;s:12:\"suppliers_id\";s:1:\"0\";}' WHERE sesskey = '98a14a4dfadb32670c992ea97bea91f2' LIMIT 1

DELETE FROM `ectouch`.`ecs_sessions_data` WHERE expiry < 1533887664

DELETE FROM `ectouch`.`ecs_sessions` WHERE expiry < 1533887664

SELECT userid, adminid, user_name, user_rank, discount, email, data, expiry FROM `ectouch`.`ecs_sessions` WHERE sesskey = '98a14a4dfadb32670c992ea97bea91f2'

SELECT code, value FROM `ectouch`.`ecs_shop_config` WHERE parent_id > 0

SELECT COUNT(*) FROM `ectouch`.`ecs_order_info` WHERE add_time >= '1533860664'

SELECT COUNT(*) FROM `ectouch`.`ecs_order_info` WHERE pay_time >= 1533860664

UPDATE `ectouch`.`ecs_sessions` SET expiry = '1533889643', ip = '127.0.0.1', userid = '0', adminid = '1', user_name='0', user_rank='0', discount='0', email='0', data = 'a:4:{s:10:\"admin_name\";s:5:\"admin\";s:11:\"action_list\";s:3:\"all\";s:10:\"last_check\";i:1533860843;s:12:\"suppliers_id\";s:1:\"0\";}' WHERE sesskey = '98a14a4dfadb32670c992ea97bea91f2' LIMIT 1

SELECT userid, adminid, user_name, user_rank, discount, email, data, expiry FROM `ectouch`.`ecs_sessions` WHERE sesskey = '98a14a4dfadb32670c992ea97bea91f2'

SELECT code, value FROM `ectouch`.`ecs_shop_config` WHERE parent_id > 0

SELECT agency_id FROM `ectouch`.`ecs_admin_user` WHERE user_id = '1'

SELECT * FROM `ectouch`.`ecs_admin_user`
            WHERE user_id = '1'
            LIMIT 0, 1

SELECT COUNT(*) FROM `ectouch`.`ecs_order_return` AS o  LEFT JOIN `ectouch`.`ecs_users` AS u ON u.user_id=o.user_id  LEFT JOIN `ectouch`.`ecs_users` AS pu ON u.parent_proxy_user_id=pu.user_id WHERE 1 

SELECT o.ret_id, o.rec_id, o.service_sn, o.order_sn, o.add_time, o.user_id, o.service_id, o.should_return , o.actual_return, o.is_check,o.return_status, o.refund_status, r.back_num, r.out_num, IFNULL(u.user_name, '') AS buyer  FROM `ectouch`.`ecs_order_return` AS o  LEFT JOIN `ectouch`.`ecs_users` AS u ON u.user_id=o.user_id   LEFT JOIN `ectouch`.`ecs_users` AS pu ON u.parent_proxy_user_id=pu.user_id  LEFT JOIN `ectouch`.`ecs_return_goods` AS r ON o.rec_id = r.rec_id WHERE 1  ORDER BY add_time DESC  LIMIT 0,15

SELECT * FROM `ectouch`.`ecs_service_type` WHERE service_type='3'

SELECT  user_name FROM `ectouch`.`ecs_users` WHERE user_id = '24'

SELECT * FROM `ectouch`.`ecs_service_type` WHERE service_type='3'

SELECT  user_name FROM `ectouch`.`ecs_users` WHERE user_id = '25'

SELECT * FROM `ectouch`.`ecs_service_type` WHERE service_type='3'

SELECT  user_name FROM `ectouch`.`ecs_users` WHERE user_id = '25'

SELECT * FROM `ectouch`.`ecs_service_type` WHERE service_type='1'

SELECT  user_name FROM `ectouch`.`ecs_users` WHERE user_id = '26'

UPDATE `ectouch`.`ecs_sessions` SET expiry = '1533889693', ip = '127.0.0.1', userid = '0', adminid = '1', user_name='0', user_rank='0', discount='0', email='0', data = 'a:4:{s:10:\"admin_name\";s:5:\"admin\";s:11:\"action_list\";s:3:\"all\";s:10:\"last_check\";i:1533860843;s:12:\"suppliers_id\";s:1:\"0\";}' WHERE sesskey = '98a14a4dfadb32670c992ea97bea91f2' LIMIT 1

DELETE FROM `ectouch`.`ecs_sessions_data` WHERE expiry < 1533887893

SELECT userid, adminid, user_name, user_rank, discount, email, data, expiry FROM `ectouch`.`ecs_sessions` WHERE sesskey = '98a14a4dfadb32670c992ea97bea91f2'

SELECT code, value FROM `ectouch`.`ecs_shop_config` WHERE parent_id > 0

SELECT r.ret_id, r.rec_id, r.service_sn, r.goods_id, r.user_id, r.order_id, r.order_sn, r.cause_id, r.service_id, r.add_time,r.remark ,
            r.return_status, r.refund_status, r.seller_id, r.is_check, r.should_return, r.back_shipping_name, r.back_other_shipping, r.back_invoice_no, r.out_shipping_name, r.out_invoice_no, r.to_buyer,
            g.goods_thumb, g.goods_name, o.order_sn ,o.add_time,r.addressee,r.phone, r.address, d.delivery_sn, d.update_time, d.how_oos ,d.shipping_fee, d.insure_fee , d.invoice_no,
            d.email, d.sign_building , d.best_time , d.country , d.province , d.city , d.district, rg.back_num   FROM `ectouch`.`ecs_order_return` as r LEFT JOIN  `ectouch`.`ecs_goods_attr` as ga ON r.goods_id = ga.goods_id  LEFT JOIN `ectouch`.`ecs_return_goods` as rg ON r.rec_id = rg.rec_id  LEFT JOIN `ectouch`.`ecs_goods` as g ON g.goods_id=r.goods_id  LEFT JOIN `ectouch`.`ecs_order_info` as o ON o.order_id = r.order_id LEFT JOIN `ectouch`.`ecs_delivery_order` as d ON d.order_id = o.order_id  WHERE r.ret_id = '4'

SELECT * FROM `ectouch`.`ecs_service_type` WHERE service_type='3'

SELECT cause_id,cause_name ,parent_id,is_show FROM `ectouch`.`ecs_return_cause`WHERE cause_id = '0' AND is_show = 1

SELECT * FROM `ectouch`.`ecs_aftermarket_attachments` WHERE rec_id = 18

SELECT concat(IFNULL(c.region_name, ''), '  ', IFNULL(p.region_name, ''), '  ', IFNULL(t.region_name, ''), '  ', IFNULL(d.region_name, '')) AS region FROM `ectouch`.`ecs_order_return` AS o LEFT JOIN `ectouch`.`ecs_region` AS c ON o.country = c.region_id LEFT JOIN `ectouch`.`ecs_region` AS p ON o.province = p.region_id LEFT JOIN `ectouch`.`ecs_region` AS t ON o.city = t.region_id LEFT JOIN `ectouch`.`ecs_region` AS d ON o.district = d.region_id WHERE o.ret_id = '4'

SELECT *,  (goods_amount - discount + tax + shipping_fee + insure_fee + pay_fee + pack_fee + card_fee) AS total_fee  FROM `ectouch`.`ecs_order_info` WHERE order_id = '29'

SELECT agency_id FROM `ectouch`.`ecs_admin_user` WHERE user_id = '1'

SELECT * FROM `ectouch`.`ecs_users` WHERE user_id = '24'

select * FROM `ectouch`.`ecs_order_goods` WHERE rec_id =18

SELECT * FROM `ectouch`.`ecs_service_type` WHERE service_type='3'

SELECT rg.* FROM `ectouch`.`ecs_return_goods` as rg  LEFT JOIN `ectouch`.`ecs_order_return`as r ON rg.rec_id = r.rec_id  WHERE r.ret_id = 4

SELECT s.shipping_id, s.shipping_code, s.shipping_name, s.shipping_desc, s.insure, s.support_cod, a.configure FROM `ectouch`.`ecs_shipping` AS s, `ectouch`.`ecs_shipping_area` AS a, `ectouch`.`ecs_area_region` AS r WHERE r.region_id  IN ('1','3','36','398')  AND r.shipping_area_id = a.shipping_area_id AND a.shipping_id = s.shipping_id AND s.enabled = 1 ORDER BY s.shipping_order

SELECT SUM(g.goods_weight * o.goods_number) AS weight, SUM(o.goods_price * o.goods_number) AS amount ,SUM(o.goods_number) AS number FROM `ectouch`.`ecs_order_goods` AS o, `ectouch`.`ecs_goods` AS g WHERE o.order_id = '' AND o.goods_id = g.goods_id

SELECT * FROM `ectouch`.`ecs_return_action` WHERE ret_id = '4'  ORDER BY log_time DESC,ret_id DESC

SELECT * FROM `ectouch`.`ecs_service_type` WHERE service_type = 3

DELETE FROM `ectouch`.`ecs_sessions` WHERE expiry < 1533887896

SELECT userid, adminid, user_name, user_rank, discount, email, data, expiry FROM `ectouch`.`ecs_sessions` WHERE sesskey = '98a14a4dfadb32670c992ea97bea91f2'

SELECT code, value FROM `ectouch`.`ecs_shop_config` WHERE parent_id > 0

UPDATE `ectouch`.`ecs_sessions` SET expiry = '1533889786', ip = '127.0.0.1', userid = '0', adminid = '1', user_name='0', user_rank='0', discount='0', email='0', data = 'a:4:{s:10:\"admin_name\";s:5:\"admin\";s:11:\"action_list\";s:3:\"all\";s:10:\"last_check\";i:1533860843;s:12:\"suppliers_id\";s:1:\"0\";}' WHERE sesskey = '98a14a4dfadb32670c992ea97bea91f2' LIMIT 1

DELETE FROM `ectouch`.`ecs_sessions_data` WHERE expiry < 1533887986

DELETE FROM `ectouch`.`ecs_sessions` WHERE expiry < 1533887986

SELECT userid, adminid, user_name, user_rank, discount, email, data, expiry FROM `ectouch`.`ecs_sessions` WHERE sesskey = '98a14a4dfadb32670c992ea97bea91f2'

SELECT code, value FROM `ectouch`.`ecs_shop_config` WHERE parent_id > 0

SELECT agency_id FROM `ectouch`.`ecs_admin_user` WHERE user_id = '1'

SELECT * FROM `ectouch`.`ecs_admin_user`
            WHERE user_id = '1'
            LIMIT 0, 1

SELECT COUNT(*) FROM `ectouch`.`ecs_order_return` AS o  LEFT JOIN `ectouch`.`ecs_users` AS u ON u.user_id=o.user_id  LEFT JOIN `ectouch`.`ecs_users` AS pu ON u.parent_proxy_user_id=pu.user_id WHERE 1 

SELECT o.ret_id, o.rec_id, o.service_sn, o.order_sn, o.add_time, o.user_id, o.service_id, o.should_return , o.actual_return, o.is_check,o.return_status, o.refund_status, r.back_num, r.out_num, IFNULL(u.user_name, '') AS buyer  FROM `ectouch`.`ecs_order_return` AS o  LEFT JOIN `ectouch`.`ecs_users` AS u ON u.user_id=o.user_id   LEFT JOIN `ectouch`.`ecs_users` AS pu ON u.parent_proxy_user_id=pu.user_id  LEFT JOIN `ectouch`.`ecs_return_goods` AS r ON o.rec_id = r.rec_id WHERE 1  ORDER BY add_time DESC  LIMIT 0,15

SELECT * FROM `ectouch`.`ecs_service_type` WHERE service_type='3'

SELECT  user_name FROM `ectouch`.`ecs_users` WHERE user_id = '24'

SELECT * FROM `ectouch`.`ecs_service_type` WHERE service_type='3'

SELECT  user_name FROM `ectouch`.`ecs_users` WHERE user_id = '25'

SELECT * FROM `ectouch`.`ecs_service_type` WHERE service_type='3'

SELECT  user_name FROM `ectouch`.`ecs_users` WHERE user_id = '25'

SELECT * FROM `ectouch`.`ecs_service_type` WHERE service_type='1'

SELECT  user_name FROM `ectouch`.`ecs_users` WHERE user_id = '26'

DELETE FROM `ectouch`.`ecs_sessions_data` WHERE expiry < 1533887987

SELECT userid, adminid, user_name, user_rank, discount, email, data, expiry FROM `ectouch`.`ecs_sessions` WHERE sesskey = '98a14a4dfadb32670c992ea97bea91f2'

SELECT code, value FROM `ectouch`.`ecs_shop_config` WHERE parent_id > 0

SELECT r.ret_id, r.rec_id, r.service_sn, r.goods_id, r.user_id, r.order_id, r.order_sn, r.cause_id, r.service_id, r.add_time,r.remark ,
            r.return_status, r.refund_status, r.seller_id, r.is_check, r.should_return, r.back_shipping_name, r.back_other_shipping, r.back_invoice_no, r.out_shipping_name, r.out_invoice_no, r.to_buyer,
            g.goods_thumb, g.goods_name, o.order_sn ,o.add_time,r.addressee,r.phone, r.address, d.delivery_sn, d.update_time, d.how_oos ,d.shipping_fee, d.insure_fee , d.invoice_no,
            d.email, d.sign_building , d.best_time , d.country , d.province , d.city , d.district, rg.back_num   FROM `ectouch`.`ecs_order_return` as r LEFT JOIN  `ectouch`.`ecs_goods_attr` as ga ON r.goods_id = ga.goods_id  LEFT JOIN `ectouch`.`ecs_return_goods` as rg ON r.rec_id = rg.rec_id  LEFT JOIN `ectouch`.`ecs_goods` as g ON g.goods_id=r.goods_id  LEFT JOIN `ectouch`.`ecs_order_info` as o ON o.order_id = r.order_id LEFT JOIN `ectouch`.`ecs_delivery_order` as d ON d.order_id = o.order_id  WHERE r.ret_id = '4'

SELECT * FROM `ectouch`.`ecs_service_type` WHERE service_type='3'

SELECT cause_id,cause_name ,parent_id,is_show FROM `ectouch`.`ecs_return_cause`WHERE cause_id = '0' AND is_show = 1

SELECT * FROM `ectouch`.`ecs_aftermarket_attachments` WHERE rec_id = 18

SELECT concat(IFNULL(c.region_name, ''), '  ', IFNULL(p.region_name, ''), '  ', IFNULL(t.region_name, ''), '  ', IFNULL(d.region_name, '')) AS region FROM `ectouch`.`ecs_order_return` AS o LEFT JOIN `ectouch`.`ecs_region` AS c ON o.country = c.region_id LEFT JOIN `ectouch`.`ecs_region` AS p ON o.province = p.region_id LEFT JOIN `ectouch`.`ecs_region` AS t ON o.city = t.region_id LEFT JOIN `ectouch`.`ecs_region` AS d ON o.district = d.region_id WHERE o.ret_id = '4'

SELECT *,  (goods_amount - discount + tax + shipping_fee + insure_fee + pay_fee + pack_fee + card_fee) AS total_fee  FROM `ectouch`.`ecs_order_info` WHERE order_id = '29'

SELECT agency_id FROM `ectouch`.`ecs_admin_user` WHERE user_id = '1'

SELECT * FROM `ectouch`.`ecs_users` WHERE user_id = '24'

select * FROM `ectouch`.`ecs_order_goods` WHERE rec_id =18

SELECT * FROM `ectouch`.`ecs_service_type` WHERE service_type='3'

SELECT rg.* FROM `ectouch`.`ecs_return_goods` as rg  LEFT JOIN `ectouch`.`ecs_order_return`as r ON rg.rec_id = r.rec_id  WHERE r.ret_id = 4

SELECT s.shipping_id, s.shipping_code, s.shipping_name, s.shipping_desc, s.insure, s.support_cod, a.configure FROM `ectouch`.`ecs_shipping` AS s, `ectouch`.`ecs_shipping_area` AS a, `ectouch`.`ecs_area_region` AS r WHERE r.region_id  IN ('1','3','36','398')  AND r.shipping_area_id = a.shipping_area_id AND a.shipping_id = s.shipping_id AND s.enabled = 1 ORDER BY s.shipping_order

SELECT SUM(g.goods_weight * o.goods_number) AS weight, SUM(o.goods_price * o.goods_number) AS amount ,SUM(o.goods_number) AS number FROM `ectouch`.`ecs_order_goods` AS o, `ectouch`.`ecs_goods` AS g WHERE o.order_id = '' AND o.goods_id = g.goods_id

SELECT * FROM `ectouch`.`ecs_return_action` WHERE ret_id = '4'  ORDER BY log_time DESC,ret_id DESC

SELECT * FROM `ectouch`.`ecs_service_type` WHERE service_type = 3

DELETE FROM `ectouch`.`ecs_sessions_data` WHERE expiry < 1533887989

SELECT userid, adminid, user_name, user_rank, discount, email, data, expiry FROM `ectouch`.`ecs_sessions` WHERE sesskey = '98a14a4dfadb32670c992ea97bea91f2'

SELECT code, value FROM `ectouch`.`ecs_shop_config` WHERE parent_id > 0

SELECT agency_id FROM `ectouch`.`ecs_admin_user` WHERE user_id = '1'

SELECT * FROM `ectouch`.`ecs_admin_user`
            WHERE user_id = '1'
            LIMIT 0, 1

SELECT COUNT(*) FROM `ectouch`.`ecs_order_return` AS o  LEFT JOIN `ectouch`.`ecs_users` AS u ON u.user_id=o.user_id  LEFT JOIN `ectouch`.`ecs_users` AS pu ON u.parent_proxy_user_id=pu.user_id WHERE 1 

SELECT o.ret_id, o.rec_id, o.service_sn, o.order_sn, o.add_time, o.user_id, o.service_id, o.should_return , o.actual_return, o.is_check,o.return_status, o.refund_status, r.back_num, r.out_num, IFNULL(u.user_name, '') AS buyer  FROM `ectouch`.`ecs_order_return` AS o  LEFT JOIN `ectouch`.`ecs_users` AS u ON u.user_id=o.user_id   LEFT JOIN `ectouch`.`ecs_users` AS pu ON u.parent_proxy_user_id=pu.user_id  LEFT JOIN `ectouch`.`ecs_return_goods` AS r ON o.rec_id = r.rec_id WHERE 1  ORDER BY add_time DESC  LIMIT 0,15

SELECT * FROM `ectouch`.`ecs_service_type` WHERE service_type='3'

SELECT  user_name FROM `ectouch`.`ecs_users` WHERE user_id = '24'

SELECT * FROM `ectouch`.`ecs_service_type` WHERE service_type='3'

SELECT  user_name FROM `ectouch`.`ecs_users` WHERE user_id = '25'

SELECT * FROM `ectouch`.`ecs_service_type` WHERE service_type='3'

SELECT  user_name FROM `ectouch`.`ecs_users` WHERE user_id = '25'

SELECT * FROM `ectouch`.`ecs_service_type` WHERE service_type='1'

SELECT  user_name FROM `ectouch`.`ecs_users` WHERE user_id = '26'

UPDATE `ectouch`.`ecs_sessions` SET expiry = '1533889817', ip = '127.0.0.1', userid = '0', adminid = '1', user_name='0', user_rank='0', discount='0', email='0', data = 'a:4:{s:10:\"admin_name\";s:5:\"admin\";s:11:\"action_list\";s:3:\"all\";s:10:\"last_check\";i:1533860843;s:12:\"suppliers_id\";s:1:\"0\";}' WHERE sesskey = '98a14a4dfadb32670c992ea97bea91f2' LIMIT 1

SELECT userid, adminid, user_name, user_rank, discount, email, data, expiry FROM `ectouch`.`ecs_sessions` WHERE sesskey = '98a14a4dfadb32670c992ea97bea91f2'

SELECT code, value FROM `ectouch`.`ecs_shop_config` WHERE parent_id > 0

SELECT r.ret_id, r.rec_id, r.service_sn, r.goods_id, r.user_id, r.order_id, r.order_sn, r.cause_id, r.service_id, r.add_time,r.remark ,
            r.return_status, r.refund_status, r.seller_id, r.is_check, r.should_return, r.back_shipping_name, r.back_other_shipping, r.back_invoice_no, r.out_shipping_name, r.out_invoice_no, r.to_buyer,
            g.goods_thumb, g.goods_name, o.order_sn ,o.add_time,r.addressee,r.phone, r.address, d.delivery_sn, d.update_time, d.how_oos ,d.shipping_fee, d.insure_fee , d.invoice_no,
            d.email, d.sign_building , d.best_time , d.country , d.province , d.city , d.district, rg.back_num   FROM `ectouch`.`ecs_order_return` as r LEFT JOIN  `ectouch`.`ecs_goods_attr` as ga ON r.goods_id = ga.goods_id  LEFT JOIN `ectouch`.`ecs_return_goods` as rg ON r.rec_id = rg.rec_id  LEFT JOIN `ectouch`.`ecs_goods` as g ON g.goods_id=r.goods_id  LEFT JOIN `ectouch`.`ecs_order_info` as o ON o.order_id = r.order_id LEFT JOIN `ectouch`.`ecs_delivery_order` as d ON d.order_id = o.order_id  WHERE r.ret_id = '4'

SELECT * FROM `ectouch`.`ecs_service_type` WHERE service_type='3'

SELECT cause_id,cause_name ,parent_id,is_show FROM `ectouch`.`ecs_return_cause`WHERE cause_id = '0' AND is_show = 1

SELECT * FROM `ectouch`.`ecs_aftermarket_attachments` WHERE rec_id = 18

SELECT concat(IFNULL(c.region_name, ''), '  ', IFNULL(p.region_name, ''), '  ', IFNULL(t.region_name, ''), '  ', IFNULL(d.region_name, '')) AS region FROM `ectouch`.`ecs_order_return` AS o LEFT JOIN `ectouch`.`ecs_region` AS c ON o.country = c.region_id LEFT JOIN `ectouch`.`ecs_region` AS p ON o.province = p.region_id LEFT JOIN `ectouch`.`ecs_region` AS t ON o.city = t.region_id LEFT JOIN `ectouch`.`ecs_region` AS d ON o.district = d.region_id WHERE o.ret_id = '4'

SELECT *,  (goods_amount - discount + tax + shipping_fee + insure_fee + pay_fee + pack_fee + card_fee) AS total_fee  FROM `ectouch`.`ecs_order_info` WHERE order_id = '29'

SELECT agency_id FROM `ectouch`.`ecs_admin_user` WHERE user_id = '1'

SELECT * FROM `ectouch`.`ecs_users` WHERE user_id = '24'

select * FROM `ectouch`.`ecs_order_goods` WHERE rec_id =18

SELECT * FROM `ectouch`.`ecs_service_type` WHERE service_type='3'

SELECT rg.* FROM `ectouch`.`ecs_return_goods` as rg  LEFT JOIN `ectouch`.`ecs_order_return`as r ON rg.rec_id = r.rec_id  WHERE r.ret_id = 4

SELECT s.shipping_id, s.shipping_code, s.shipping_name, s.shipping_desc, s.insure, s.support_cod, a.configure FROM `ectouch`.`ecs_shipping` AS s, `ectouch`.`ecs_shipping_area` AS a, `ectouch`.`ecs_area_region` AS r WHERE r.region_id  IN ('1','3','36','398')  AND r.shipping_area_id = a.shipping_area_id AND a.shipping_id = s.shipping_id AND s.enabled = 1 ORDER BY s.shipping_order

SELECT SUM(g.goods_weight * o.goods_number) AS weight, SUM(o.goods_price * o.goods_number) AS amount ,SUM(o.goods_number) AS number FROM `ectouch`.`ecs_order_goods` AS o, `ectouch`.`ecs_goods` AS g WHERE o.order_id = '' AND o.goods_id = g.goods_id

SELECT * FROM `ectouch`.`ecs_return_action` WHERE ret_id = '4'  ORDER BY log_time DESC,ret_id DESC

SELECT * FROM `ectouch`.`ecs_service_type` WHERE service_type = 3

DELETE FROM `ectouch`.`ecs_sessions` WHERE expiry < 1533888018

SELECT userid, adminid, user_name, user_rank, discount, email, data, expiry FROM `ectouch`.`ecs_sessions` WHERE sesskey = '98a14a4dfadb32670c992ea97bea91f2'

SELECT code, value FROM `ectouch`.`ecs_shop_config` WHERE parent_id > 0

SELECT * FROM `ectouch`.`ecs_aftermarket_attachments` WHERE rec_id = 18

UPDATE `ectouch`.`ecs_sessions` SET expiry = '1533889833', ip = '127.0.0.1', userid = '0', adminid = '1', user_name='0', user_rank='0', discount='0', email='0', data = 'a:4:{s:10:\"admin_name\";s:5:\"admin\";s:11:\"action_list\";s:3:\"all\";s:10:\"last_check\";i:1533860843;s:12:\"suppliers_id\";s:1:\"0\";}' WHERE sesskey = '98a14a4dfadb32670c992ea97bea91f2' LIMIT 1

DELETE FROM `ectouch`.`ecs_sessions_data` WHERE expiry < 1533888033

SELECT userid, adminid, user_name, user_rank, discount, email, data, expiry FROM `ectouch`.`ecs_sessions` WHERE sesskey = '98a14a4dfadb32670c992ea97bea91f2'

SELECT code, value FROM `ectouch`.`ecs_shop_config` WHERE parent_id > 0

SELECT agency_id FROM `ectouch`.`ecs_admin_user` WHERE user_id = '1'

SELECT * FROM `ectouch`.`ecs_admin_user`
            WHERE user_id = '1'
            LIMIT 0, 1

SELECT COUNT(*) FROM `ectouch`.`ecs_order_return` AS o  LEFT JOIN `ectouch`.`ecs_users` AS u ON u.user_id=o.user_id  LEFT JOIN `ectouch`.`ecs_users` AS pu ON u.parent_proxy_user_id=pu.user_id WHERE 1 

SELECT o.ret_id, o.rec_id, o.service_sn, o.order_sn, o.add_time, o.user_id, o.service_id, o.should_return , o.actual_return, o.is_check,o.return_status, o.refund_status, r.back_num, r.out_num, IFNULL(u.user_name, '') AS buyer  FROM `ectouch`.`ecs_order_return` AS o  LEFT JOIN `ectouch`.`ecs_users` AS u ON u.user_id=o.user_id   LEFT JOIN `ectouch`.`ecs_users` AS pu ON u.parent_proxy_user_id=pu.user_id  LEFT JOIN `ectouch`.`ecs_return_goods` AS r ON o.rec_id = r.rec_id WHERE 1  ORDER BY add_time DESC  LIMIT 0,15

SELECT * FROM `ectouch`.`ecs_service_type` WHERE service_type='3'

SELECT  user_name FROM `ectouch`.`ecs_users` WHERE user_id = '24'

SELECT * FROM `ectouch`.`ecs_service_type` WHERE service_type='3'

SELECT  user_name FROM `ectouch`.`ecs_users` WHERE user_id = '25'

SELECT * FROM `ectouch`.`ecs_service_type` WHERE service_type='3'

SELECT  user_name FROM `ectouch`.`ecs_users` WHERE user_id = '25'

SELECT * FROM `ectouch`.`ecs_service_type` WHERE service_type='1'

SELECT  user_name FROM `ectouch`.`ecs_users` WHERE user_id = '26'

UPDATE `ectouch`.`ecs_sessions` SET expiry = '1533889861', ip = '127.0.0.1', userid = '0', adminid = '1', user_name='0', user_rank='0', discount='0', email='0', data = 'a:4:{s:10:\"admin_name\";s:5:\"admin\";s:11:\"action_list\";s:3:\"all\";s:10:\"last_check\";i:1533860843;s:12:\"suppliers_id\";s:1:\"0\";}' WHERE sesskey = '98a14a4dfadb32670c992ea97bea91f2' LIMIT 1

SELECT userid, adminid, user_name, user_rank, discount, email, data, expiry FROM `ectouch`.`ecs_sessions` WHERE sesskey = '98a14a4dfadb32670c992ea97bea91f2'

SELECT code, value FROM `ectouch`.`ecs_shop_config` WHERE parent_id > 0

SELECT COUNT(*) FROM `ectouch`.`ecs_order_info` WHERE add_time >= '1533860843'

SELECT COUNT(*) FROM `ectouch`.`ecs_order_info` WHERE pay_time >= 1533860843

UPDATE `ectouch`.`ecs_sessions` SET expiry = '1533889862', ip = '127.0.0.1', userid = '0', adminid = '1', user_name='0', user_rank='0', discount='0', email='0', data = 'a:4:{s:10:\"admin_name\";s:5:\"admin\";s:11:\"action_list\";s:3:\"all\";s:10:\"last_check\";i:1533861062;s:12:\"suppliers_id\";s:1:\"0\";}' WHERE sesskey = '98a14a4dfadb32670c992ea97bea91f2' LIMIT 1

DELETE FROM `ectouch`.`ecs_sessions_data` WHERE expiry < 1533888062

DELETE FROM `ectouch`.`ecs_sessions` WHERE expiry < 1533888062

SELECT userid, adminid, user_name, user_rank, discount, email, data, expiry FROM `ectouch`.`ecs_sessions` WHERE sesskey = '98a14a4dfadb32670c992ea97bea91f2'

SELECT code, value FROM `ectouch`.`ecs_shop_config` WHERE parent_id > 0

SELECT r.ret_id, r.rec_id, r.service_sn, r.goods_id, r.user_id, r.order_id, r.order_sn, r.cause_id, r.service_id, r.add_time,r.remark ,
            r.return_status, r.refund_status, r.seller_id, r.is_check, r.should_return, r.back_shipping_name, r.back_other_shipping, r.back_invoice_no, r.out_shipping_name, r.out_invoice_no, r.to_buyer,
            g.goods_thumb, g.goods_name, o.order_sn ,o.add_time,r.addressee,r.phone, r.address, d.delivery_sn, d.update_time, d.how_oos ,d.shipping_fee, d.insure_fee , d.invoice_no,
            d.email, d.sign_building , d.best_time , d.country , d.province , d.city , d.district, rg.back_num   FROM `ectouch`.`ecs_order_return` as r LEFT JOIN  `ectouch`.`ecs_goods_attr` as ga ON r.goods_id = ga.goods_id  LEFT JOIN `ectouch`.`ecs_return_goods` as rg ON r.rec_id = rg.rec_id  LEFT JOIN `ectouch`.`ecs_goods` as g ON g.goods_id=r.goods_id  LEFT JOIN `ectouch`.`ecs_order_info` as o ON o.order_id = r.order_id LEFT JOIN `ectouch`.`ecs_delivery_order` as d ON d.order_id = o.order_id  WHERE r.ret_id = '4'

SELECT * FROM `ectouch`.`ecs_service_type` WHERE service_type='3'

SELECT cause_id,cause_name ,parent_id,is_show FROM `ectouch`.`ecs_return_cause`WHERE cause_id = '0' AND is_show = 1

SELECT * FROM `ectouch`.`ecs_aftermarket_attachments` WHERE rec_id = 18

SELECT concat(IFNULL(c.region_name, ''), '  ', IFNULL(p.region_name, ''), '  ', IFNULL(t.region_name, ''), '  ', IFNULL(d.region_name, '')) AS region FROM `ectouch`.`ecs_order_return` AS o LEFT JOIN `ectouch`.`ecs_region` AS c ON o.country = c.region_id LEFT JOIN `ectouch`.`ecs_region` AS p ON o.province = p.region_id LEFT JOIN `ectouch`.`ecs_region` AS t ON o.city = t.region_id LEFT JOIN `ectouch`.`ecs_region` AS d ON o.district = d.region_id WHERE o.ret_id = '4'

SELECT *,  (goods_amount - discount + tax + shipping_fee + insure_fee + pay_fee + pack_fee + card_fee) AS total_fee  FROM `ectouch`.`ecs_order_info` WHERE order_id = '29'

SELECT agency_id FROM `ectouch`.`ecs_admin_user` WHERE user_id = '1'

SELECT * FROM `ectouch`.`ecs_users` WHERE user_id = '24'

select * FROM `ectouch`.`ecs_order_goods` WHERE rec_id =18

SELECT * FROM `ectouch`.`ecs_service_type` WHERE service_type='3'

SELECT rg.* FROM `ectouch`.`ecs_return_goods` as rg  LEFT JOIN `ectouch`.`ecs_order_return`as r ON rg.rec_id = r.rec_id  WHERE r.ret_id = 4

SELECT s.shipping_id, s.shipping_code, s.shipping_name, s.shipping_desc, s.insure, s.support_cod, a.configure FROM `ectouch`.`ecs_shipping` AS s, `ectouch`.`ecs_shipping_area` AS a, `ectouch`.`ecs_area_region` AS r WHERE r.region_id  IN ('1','3','36','398')  AND r.shipping_area_id = a.shipping_area_id AND a.shipping_id = s.shipping_id AND s.enabled = 1 ORDER BY s.shipping_order

SELECT SUM(g.goods_weight * o.goods_number) AS weight, SUM(o.goods_price * o.goods_number) AS amount ,SUM(o.goods_number) AS number FROM `ectouch`.`ecs_order_goods` AS o, `ectouch`.`ecs_goods` AS g WHERE o.order_id = '' AND o.goods_id = g.goods_id

SELECT * FROM `ectouch`.`ecs_return_action` WHERE ret_id = '4'  ORDER BY log_time DESC,ret_id DESC

SELECT * FROM `ectouch`.`ecs_service_type` WHERE service_type = 3

DELETE FROM `ectouch`.`ecs_sessions` WHERE expiry < 1533888062

SELECT userid, adminid, user_name, user_rank, discount, email, data, expiry FROM `ectouch`.`ecs_sessions` WHERE sesskey = '98a14a4dfadb32670c992ea97bea91f2'

SELECT code, value FROM `ectouch`.`ecs_shop_config` WHERE parent_id > 0

SELECT * FROM `ectouch`.`ecs_aftermarket_attachments` WHERE rec_id = 18

DELETE FROM `ectouch`.`ecs_sessions_data` WHERE expiry < 1533888064

DELETE FROM `ectouch`.`ecs_sessions` WHERE expiry < 1533888064

SELECT userid, adminid, user_name, user_rank, discount, email, data, expiry FROM `ectouch`.`ecs_sessions` WHERE sesskey = '98a14a4dfadb32670c992ea97bea91f2'

SELECT code, value FROM `ectouch`.`ecs_shop_config` WHERE parent_id > 0

SELECT agency_id FROM `ectouch`.`ecs_admin_user` WHERE user_id = '1'

SELECT * FROM `ectouch`.`ecs_admin_user`
            WHERE user_id = '1'
            LIMIT 0, 1

SELECT COUNT(*) FROM `ectouch`.`ecs_order_return` AS o  LEFT JOIN `ectouch`.`ecs_users` AS u ON u.user_id=o.user_id  LEFT JOIN `ectouch`.`ecs_users` AS pu ON u.parent_proxy_user_id=pu.user_id WHERE 1 

SELECT o.ret_id, o.rec_id, o.service_sn, o.order_sn, o.add_time, o.user_id, o.service_id, o.should_return , o.actual_return, o.is_check,o.return_status, o.refund_status, r.back_num, r.out_num, IFNULL(u.user_name, '') AS buyer  FROM `ectouch`.`ecs_order_return` AS o  LEFT JOIN `ectouch`.`ecs_users` AS u ON u.user_id=o.user_id   LEFT JOIN `ectouch`.`ecs_users` AS pu ON u.parent_proxy_user_id=pu.user_id  LEFT JOIN `ectouch`.`ecs_return_goods` AS r ON o.rec_id = r.rec_id WHERE 1  ORDER BY add_time DESC  LIMIT 0,15

SELECT * FROM `ectouch`.`ecs_service_type` WHERE service_type='3'

SELECT  user_name FROM `ectouch`.`ecs_users` WHERE user_id = '24'

SELECT * FROM `ectouch`.`ecs_service_type` WHERE service_type='3'

SELECT  user_name FROM `ectouch`.`ecs_users` WHERE user_id = '25'

SELECT * FROM `ectouch`.`ecs_service_type` WHERE service_type='3'

SELECT  user_name FROM `ectouch`.`ecs_users` WHERE user_id = '25'

SELECT * FROM `ectouch`.`ecs_service_type` WHERE service_type='1'

SELECT  user_name FROM `ectouch`.`ecs_users` WHERE user_id = '26'

DELETE FROM `ectouch`.`ecs_sessions_data` WHERE expiry < 1533888071

SELECT userid, adminid, user_name, user_rank, discount, email, data, expiry FROM `ectouch`.`ecs_sessions` WHERE sesskey = '98a14a4dfadb32670c992ea97bea91f2'

SELECT code, value FROM `ectouch`.`ecs_shop_config` WHERE parent_id > 0

SELECT COUNT(*) FROM `ectouch`.`ecs_order_info` WHERE add_time >= '1533861062'

SELECT COUNT(*) FROM `ectouch`.`ecs_order_info` WHERE pay_time >= 1533861062

UPDATE `ectouch`.`ecs_sessions` SET expiry = '1533890051', ip = '127.0.0.1', userid = '0', adminid = '1', user_name='0', user_rank='0', discount='0', email='0', data = 'a:4:{s:10:\"admin_name\";s:5:\"admin\";s:11:\"action_list\";s:3:\"all\";s:10:\"last_check\";i:1533861251;s:12:\"suppliers_id\";s:1:\"0\";}' WHERE sesskey = '98a14a4dfadb32670c992ea97bea91f2' LIMIT 1

SELECT userid, adminid, user_name, user_rank, discount, email, data, expiry FROM `ectouch`.`ecs_sessions` WHERE sesskey = '98a14a4dfadb32670c992ea97bea91f2'

SELECT code, value FROM `ectouch`.`ecs_shop_config` WHERE parent_id > 0

SELECT COUNT(*) FROM `ectouch`.`ecs_order_info` WHERE add_time >= '1533861251'

SELECT COUNT(*) FROM `ectouch`.`ecs_order_info` WHERE pay_time >= 1533861251

UPDATE `ectouch`.`ecs_sessions` SET expiry = '1533890232', ip = '127.0.0.1', userid = '0', adminid = '1', user_name='0', user_rank='0', discount='0', email='0', data = 'a:4:{s:10:\"admin_name\";s:5:\"admin\";s:11:\"action_list\";s:3:\"all\";s:10:\"last_check\";i:1533861432;s:12:\"suppliers_id\";s:1:\"0\";}' WHERE sesskey = '98a14a4dfadb32670c992ea97bea91f2' LIMIT 1

DELETE FROM `ectouch`.`ecs_sessions` WHERE expiry < 1533888432

SELECT userid, adminid, user_name, user_rank, discount, email, data, expiry FROM `ectouch`.`ecs_sessions` WHERE sesskey = '98a14a4dfadb32670c992ea97bea91f2'

SELECT code, value FROM `ectouch`.`ecs_shop_config` WHERE parent_id > 0

SELECT COUNT(*) FROM `ectouch`.`ecs_order_info` WHERE add_time >= '1533861432'

SELECT COUNT(*) FROM `ectouch`.`ecs_order_info` WHERE pay_time >= 1533861432

UPDATE `ectouch`.`ecs_sessions` SET expiry = '1533890411', ip = '127.0.0.1', userid = '0', adminid = '1', user_name='0', user_rank='0', discount='0', email='0', data = 'a:4:{s:10:\"admin_name\";s:5:\"admin\";s:11:\"action_list\";s:3:\"all\";s:10:\"last_check\";i:1533861611;s:12:\"suppliers_id\";s:1:\"0\";}' WHERE sesskey = '98a14a4dfadb32670c992ea97bea91f2' LIMIT 1

SELECT userid, adminid, user_name, user_rank, discount, email, data, expiry FROM `ectouch`.`ecs_sessions` WHERE sesskey = '98a14a4dfadb32670c992ea97bea91f2'

SELECT code, value FROM `ectouch`.`ecs_shop_config` WHERE parent_id > 0

SELECT COUNT(*) FROM `ectouch`.`ecs_order_info` WHERE add_time >= '1533861611'

SELECT COUNT(*) FROM `ectouch`.`ecs_order_info` WHERE pay_time >= 1533861611

UPDATE `ectouch`.`ecs_sessions` SET expiry = '1533890593', ip = '127.0.0.1', userid = '0', adminid = '1', user_name='0', user_rank='0', discount='0', email='0', data = 'a:4:{s:10:\"admin_name\";s:5:\"admin\";s:11:\"action_list\";s:3:\"all\";s:10:\"last_check\";i:1533861793;s:12:\"suppliers_id\";s:1:\"0\";}' WHERE sesskey = '98a14a4dfadb32670c992ea97bea91f2' LIMIT 1

SELECT userid, adminid, user_name, user_rank, discount, email, data, expiry FROM `ectouch`.`ecs_sessions` WHERE sesskey = '98a14a4dfadb32670c992ea97bea91f2'

SELECT code, value FROM `ectouch`.`ecs_shop_config` WHERE parent_id > 0

SELECT COUNT(*) FROM `ectouch`.`ecs_order_info` WHERE add_time >= '1533861793'

SELECT COUNT(*) FROM `ectouch`.`ecs_order_info` WHERE pay_time >= 1533861793

UPDATE `ectouch`.`ecs_sessions` SET expiry = '1533890954', ip = '127.0.0.1', userid = '0', adminid = '1', user_name='0', user_rank='0', discount='0', email='0', data = 'a:4:{s:10:\"admin_name\";s:5:\"admin\";s:11:\"action_list\";s:3:\"all\";s:10:\"last_check\";i:1533862154;s:12:\"suppliers_id\";s:1:\"0\";}' WHERE sesskey = '98a14a4dfadb32670c992ea97bea91f2' LIMIT 1

DELETE FROM `ectouch`.`ecs_sessions_data` WHERE expiry < 1533889154

DELETE FROM `ectouch`.`ecs_sessions` WHERE expiry < 1533889154

SELECT userid, adminid, user_name, user_rank, discount, email, data, expiry FROM `ectouch`.`ecs_sessions` WHERE sesskey = '98a14a4dfadb32670c992ea97bea91f2'

SELECT code, value FROM `ectouch`.`ecs_shop_config` WHERE parent_id > 0

SELECT COUNT(*) FROM `ectouch`.`ecs_order_info` WHERE add_time >= '1533862154'

SELECT COUNT(*) FROM `ectouch`.`ecs_order_info` WHERE pay_time >= 1533862154

UPDATE `ectouch`.`ecs_sessions` SET expiry = '1533891314', ip = '127.0.0.1', userid = '0', adminid = '1', user_name='0', user_rank='0', discount='0', email='0', data = 'a:4:{s:10:\"admin_name\";s:5:\"admin\";s:11:\"action_list\";s:3:\"all\";s:10:\"last_check\";i:1533862514;s:12:\"suppliers_id\";s:1:\"0\";}' WHERE sesskey = '98a14a4dfadb32670c992ea97bea91f2' LIMIT 1

DELETE FROM `ectouch`.`ecs_sessions_data` WHERE expiry < 1533889514

DELETE FROM `ectouch`.`ecs_sessions` WHERE expiry < 1533889514

SELECT userid, adminid, user_name, user_rank, discount, email, data, expiry FROM `ectouch`.`ecs_sessions` WHERE sesskey = '98a14a4dfadb32670c992ea97bea91f2'

SELECT code, value FROM `ectouch`.`ecs_shop_config` WHERE parent_id > 0

SELECT COUNT(*) FROM `ectouch`.`ecs_order_info` WHERE add_time >= '1533862514'

SELECT COUNT(*) FROM `ectouch`.`ecs_order_info` WHERE pay_time >= 1533862514

UPDATE `ectouch`.`ecs_sessions` SET expiry = '1533891675', ip = '127.0.0.1', userid = '0', adminid = '1', user_name='0', user_rank='0', discount='0', email='0', data = 'a:4:{s:10:\"admin_name\";s:5:\"admin\";s:11:\"action_list\";s:3:\"all\";s:10:\"last_check\";i:1533862875;s:12:\"suppliers_id\";s:1:\"0\";}' WHERE sesskey = '98a14a4dfadb32670c992ea97bea91f2' LIMIT 1

SELECT userid, adminid, user_name, user_rank, discount, email, data, expiry FROM `ectouch`.`ecs_sessions` WHERE sesskey = '98a14a4dfadb32670c992ea97bea91f2'

SELECT code, value FROM `ectouch`.`ecs_shop_config` WHERE parent_id > 0

SELECT COUNT(*) FROM `ectouch`.`ecs_order_info` WHERE add_time >= '1533862875'

SELECT COUNT(*) FROM `ectouch`.`ecs_order_info` WHERE pay_time >= 1533862875

UPDATE `ectouch`.`ecs_sessions` SET expiry = '1533892032', ip = '127.0.0.1', userid = '0', adminid = '1', user_name='0', user_rank='0', discount='0', email='0', data = 'a:4:{s:10:\"admin_name\";s:5:\"admin\";s:11:\"action_list\";s:3:\"all\";s:10:\"last_check\";i:1533863232;s:12:\"suppliers_id\";s:1:\"0\";}' WHERE sesskey = '98a14a4dfadb32670c992ea97bea91f2' LIMIT 1

DELETE FROM `ectouch`.`ecs_sessions_data` WHERE expiry < 1533890232

SELECT userid, adminid, user_name, user_rank, discount, email, data, expiry FROM `ectouch`.`ecs_sessions` WHERE sesskey = '98a14a4dfadb32670c992ea97bea91f2'

SELECT code, value FROM `ectouch`.`ecs_shop_config` WHERE parent_id > 0

SELECT COUNT(*) FROM `ectouch`.`ecs_order_info` WHERE add_time >= '1533863232'

SELECT COUNT(*) FROM `ectouch`.`ecs_order_info` WHERE pay_time >= 1533863232

UPDATE `ectouch`.`ecs_sessions` SET expiry = '1533892217', ip = '127.0.0.1', userid = '0', adminid = '1', user_name='0', user_rank='0', discount='0', email='0', data = 'a:4:{s:10:\"admin_name\";s:5:\"admin\";s:11:\"action_list\";s:3:\"all\";s:10:\"last_check\";i:1533863417;s:12:\"suppliers_id\";s:1:\"0\";}' WHERE sesskey = '98a14a4dfadb32670c992ea97bea91f2' LIMIT 1

SELECT userid, adminid, user_name, user_rank, discount, email, data, expiry FROM `ectouch`.`ecs_sessions` WHERE sesskey = '98a14a4dfadb32670c992ea97bea91f2'

SELECT code, value FROM `ectouch`.`ecs_shop_config` WHERE parent_id > 0

SELECT COUNT(*) FROM `ectouch`.`ecs_order_info` WHERE add_time >= '1533863417'

SELECT COUNT(*) FROM `ectouch`.`ecs_order_info` WHERE pay_time >= 1533863417

UPDATE `ectouch`.`ecs_sessions` SET expiry = '1533892575', ip = '127.0.0.1', userid = '0', adminid = '1', user_name='0', user_rank='0', discount='0', email='0', data = 'a:4:{s:10:\"admin_name\";s:5:\"admin\";s:11:\"action_list\";s:3:\"all\";s:10:\"last_check\";i:1533863775;s:12:\"suppliers_id\";s:1:\"0\";}' WHERE sesskey = '98a14a4dfadb32670c992ea97bea91f2' LIMIT 1

DELETE FROM `ectouch`.`ecs_sessions_data` WHERE expiry < 1533890775

SELECT userid, adminid, user_name, user_rank, discount, email, data, expiry FROM `ectouch`.`ecs_sessions` WHERE sesskey = '98a14a4dfadb32670c992ea97bea91f2'

SELECT code, value FROM `ectouch`.`ecs_shop_config` WHERE parent_id > 0

SELECT COUNT(*) FROM `ectouch`.`ecs_order_info` WHERE add_time >= '1533863775'

SELECT COUNT(*) FROM `ectouch`.`ecs_order_info` WHERE pay_time >= 1533863775

UPDATE `ectouch`.`ecs_sessions` SET expiry = '1533892932', ip = '127.0.0.1', userid = '0', adminid = '1', user_name='0', user_rank='0', discount='0', email='0', data = 'a:4:{s:10:\"admin_name\";s:5:\"admin\";s:11:\"action_list\";s:3:\"all\";s:10:\"last_check\";i:1533864132;s:12:\"suppliers_id\";s:1:\"0\";}' WHERE sesskey = '98a14a4dfadb32670c992ea97bea91f2' LIMIT 1

DELETE FROM `ectouch`.`ecs_sessions` WHERE expiry < 1533891132

SELECT userid, adminid, user_name, user_rank, discount, email, data, expiry FROM `ectouch`.`ecs_sessions` WHERE sesskey = '98a14a4dfadb32670c992ea97bea91f2'

SELECT code, value FROM `ectouch`.`ecs_shop_config` WHERE parent_id > 0

SELECT COUNT(*) FROM `ectouch`.`ecs_order_info` WHERE add_time >= '1533864132'

SELECT COUNT(*) FROM `ectouch`.`ecs_order_info` WHERE pay_time >= 1533864132

UPDATE `ectouch`.`ecs_sessions` SET expiry = '1533893112', ip = '127.0.0.1', userid = '0', adminid = '1', user_name='0', user_rank='0', discount='0', email='0', data = 'a:4:{s:10:\"admin_name\";s:5:\"admin\";s:11:\"action_list\";s:3:\"all\";s:10:\"last_check\";i:1533864312;s:12:\"suppliers_id\";s:1:\"0\";}' WHERE sesskey = '98a14a4dfadb32670c992ea97bea91f2' LIMIT 1

DELETE FROM `ectouch`.`ecs_sessions` WHERE expiry < 1533891312

SELECT userid, adminid, user_name, user_rank, discount, email, data, expiry FROM `ectouch`.`ecs_sessions` WHERE sesskey = '98a14a4dfadb32670c992ea97bea91f2'

SELECT code, value FROM `ectouch`.`ecs_shop_config` WHERE parent_id > 0

SELECT COUNT(*) FROM `ectouch`.`ecs_order_info` WHERE add_time >= '1533864312'

SELECT COUNT(*) FROM `ectouch`.`ecs_order_info` WHERE pay_time >= 1533864312

UPDATE `ectouch`.`ecs_sessions` SET expiry = '1533893293', ip = '127.0.0.1', userid = '0', adminid = '1', user_name='0', user_rank='0', discount='0', email='0', data = 'a:4:{s:10:\"admin_name\";s:5:\"admin\";s:11:\"action_list\";s:3:\"all\";s:10:\"last_check\";i:1533864493;s:12:\"suppliers_id\";s:1:\"0\";}' WHERE sesskey = '98a14a4dfadb32670c992ea97bea91f2' LIMIT 1

DELETE FROM `ectouch`.`ecs_sessions_data` WHERE expiry < 1533891493

SELECT userid, adminid, user_name, user_rank, discount, email, data, expiry FROM `ectouch`.`ecs_sessions` WHERE sesskey = '98a14a4dfadb32670c992ea97bea91f2'

SELECT code, value FROM `ectouch`.`ecs_shop_config` WHERE parent_id > 0

SELECT COUNT(*) FROM `ectouch`.`ecs_order_info` WHERE add_time >= '1533864493'

SELECT COUNT(*) FROM `ectouch`.`ecs_order_info` WHERE pay_time >= 1533864493

UPDATE `ectouch`.`ecs_sessions` SET expiry = '1533893652', ip = '127.0.0.1', userid = '0', adminid = '1', user_name='0', user_rank='0', discount='0', email='0', data = 'a:4:{s:10:\"admin_name\";s:5:\"admin\";s:11:\"action_list\";s:3:\"all\";s:10:\"last_check\";i:1533864852;s:12:\"suppliers_id\";s:1:\"0\";}' WHERE sesskey = '98a14a4dfadb32670c992ea97bea91f2' LIMIT 1

DELETE FROM `ectouch`.`ecs_sessions` WHERE expiry < 1533891852

SELECT userid, adminid, user_name, user_rank, discount, email, data, expiry FROM `ectouch`.`ecs_sessions` WHERE sesskey = '98a14a4dfadb32670c992ea97bea91f2'

SELECT code, value FROM `ectouch`.`ecs_shop_config` WHERE parent_id > 0

SELECT COUNT(*) FROM `ectouch`.`ecs_order_info` WHERE add_time >= '1533864852'

SELECT COUNT(*) FROM `ectouch`.`ecs_order_info` WHERE pay_time >= 1533864852

UPDATE `ectouch`.`ecs_sessions` SET expiry = '1533893832', ip = '127.0.0.1', userid = '0', adminid = '1', user_name='0', user_rank='0', discount='0', email='0', data = 'a:4:{s:10:\"admin_name\";s:5:\"admin\";s:11:\"action_list\";s:3:\"all\";s:10:\"last_check\";i:1533865032;s:12:\"suppliers_id\";s:1:\"0\";}' WHERE sesskey = '98a14a4dfadb32670c992ea97bea91f2' LIMIT 1

DELETE FROM `ectouch`.`ecs_sessions_data` WHERE expiry < 1533892032

DELETE FROM `ectouch`.`ecs_sessions` WHERE expiry < 1533892032

SELECT userid, adminid, user_name, user_rank, discount, email, data, expiry FROM `ectouch`.`ecs_sessions` WHERE sesskey = '98a14a4dfadb32670c992ea97bea91f2'

SELECT code, value FROM `ectouch`.`ecs_shop_config` WHERE parent_id > 0

SELECT COUNT(*) FROM `ectouch`.`ecs_order_info` WHERE add_time >= '1533865032'

SELECT COUNT(*) FROM `ectouch`.`ecs_order_info` WHERE pay_time >= 1533865032

UPDATE `ectouch`.`ecs_sessions` SET expiry = '1533894012', ip = '127.0.0.1', userid = '0', adminid = '1', user_name='0', user_rank='0', discount='0', email='0', data = 'a:4:{s:10:\"admin_name\";s:5:\"admin\";s:11:\"action_list\";s:3:\"all\";s:10:\"last_check\";i:1533865212;s:12:\"suppliers_id\";s:1:\"0\";}' WHERE sesskey = '98a14a4dfadb32670c992ea97bea91f2' LIMIT 1

DELETE FROM `ectouch`.`ecs_sessions` WHERE expiry < 1533892212

SELECT userid, adminid, user_name, user_rank, discount, email, data, expiry FROM `ectouch`.`ecs_sessions` WHERE sesskey = '98a14a4dfadb32670c992ea97bea91f2'

SELECT code, value FROM `ectouch`.`ecs_shop_config` WHERE parent_id > 0

SELECT COUNT(*) FROM `ectouch`.`ecs_order_info` WHERE add_time >= '1533865212'

SELECT COUNT(*) FROM `ectouch`.`ecs_order_info` WHERE pay_time >= 1533865212

UPDATE `ectouch`.`ecs_sessions` SET expiry = '1533894196', ip = '127.0.0.1', userid = '0', adminid = '1', user_name='0', user_rank='0', discount='0', email='0', data = 'a:4:{s:10:\"admin_name\";s:5:\"admin\";s:11:\"action_list\";s:3:\"all\";s:10:\"last_check\";i:1533865396;s:12:\"suppliers_id\";s:1:\"0\";}' WHERE sesskey = '98a14a4dfadb32670c992ea97bea91f2' LIMIT 1

DELETE FROM `ectouch`.`ecs_sessions` WHERE expiry < 1533892396

SELECT userid, adminid, user_name, user_rank, discount, email, data, expiry FROM `ectouch`.`ecs_sessions` WHERE sesskey = '98a14a4dfadb32670c992ea97bea91f2'

SELECT code, value FROM `ectouch`.`ecs_shop_config` WHERE parent_id > 0

SELECT COUNT(*) FROM `ectouch`.`ecs_order_info` WHERE add_time >= '1533865396'

SELECT COUNT(*) FROM `ectouch`.`ecs_order_info` WHERE pay_time >= 1533865396

UPDATE `ectouch`.`ecs_sessions` SET expiry = '1533894553', ip = '127.0.0.1', userid = '0', adminid = '1', user_name='0', user_rank='0', discount='0', email='0', data = 'a:4:{s:10:\"admin_name\";s:5:\"admin\";s:11:\"action_list\";s:3:\"all\";s:10:\"last_check\";i:1533865753;s:12:\"suppliers_id\";s:1:\"0\";}' WHERE sesskey = '98a14a4dfadb32670c992ea97bea91f2' LIMIT 1

DELETE FROM `ectouch`.`ecs_sessions_data` WHERE expiry < 1533892753

SELECT userid, adminid, user_name, user_rank, discount, email, data, expiry FROM `ectouch`.`ecs_sessions` WHERE sesskey = '98a14a4dfadb32670c992ea97bea91f2'

SELECT code, value FROM `ectouch`.`ecs_shop_config` WHERE parent_id > 0

SELECT COUNT(*) FROM `ectouch`.`ecs_order_info` WHERE add_time >= '1533865753'

SELECT COUNT(*) FROM `ectouch`.`ecs_order_info` WHERE pay_time >= 1533865753

UPDATE `ectouch`.`ecs_sessions` SET expiry = '1533894735', ip = '127.0.0.1', userid = '0', adminid = '1', user_name='0', user_rank='0', discount='0', email='0', data = 'a:4:{s:10:\"admin_name\";s:5:\"admin\";s:11:\"action_list\";s:3:\"all\";s:10:\"last_check\";i:1533865935;s:12:\"suppliers_id\";s:1:\"0\";}' WHERE sesskey = '98a14a4dfadb32670c992ea97bea91f2' LIMIT 1

SELECT userid, adminid, user_name, user_rank, discount, email, data, expiry FROM `ectouch`.`ecs_sessions` WHERE sesskey = '98a14a4dfadb32670c992ea97bea91f2'

SELECT code, value FROM `ectouch`.`ecs_shop_config` WHERE parent_id > 0

SELECT COUNT(*) FROM `ectouch`.`ecs_order_info` WHERE add_time >= '1533865935'

SELECT COUNT(*) FROM `ectouch`.`ecs_order_info` WHERE pay_time >= 1533865935

UPDATE `ectouch`.`ecs_sessions` SET expiry = '1533894916', ip = '127.0.0.1', userid = '0', adminid = '1', user_name='0', user_rank='0', discount='0', email='0', data = 'a:4:{s:10:\"admin_name\";s:5:\"admin\";s:11:\"action_list\";s:3:\"all\";s:10:\"last_check\";i:1533866116;s:12:\"suppliers_id\";s:1:\"0\";}' WHERE sesskey = '98a14a4dfadb32670c992ea97bea91f2' LIMIT 1

DELETE FROM `ectouch`.`ecs_sessions` WHERE expiry < 1533893116

SELECT userid, adminid, user_name, user_rank, discount, email, data, expiry FROM `ectouch`.`ecs_sessions` WHERE sesskey = '98a14a4dfadb32670c992ea97bea91f2'

SELECT code, value FROM `ectouch`.`ecs_shop_config` WHERE parent_id > 0

SELECT COUNT(*) FROM `ectouch`.`ecs_order_info` WHERE add_time >= '1533866116'

SELECT COUNT(*) FROM `ectouch`.`ecs_order_info` WHERE pay_time >= 1533866116

UPDATE `ectouch`.`ecs_sessions` SET expiry = '1533895273', ip = '127.0.0.1', userid = '0', adminid = '1', user_name='0', user_rank='0', discount='0', email='0', data = 'a:4:{s:10:\"admin_name\";s:5:\"admin\";s:11:\"action_list\";s:3:\"all\";s:10:\"last_check\";i:1533866473;s:12:\"suppliers_id\";s:1:\"0\";}' WHERE sesskey = '98a14a4dfadb32670c992ea97bea91f2' LIMIT 1

DELETE FROM `ectouch`.`ecs_sessions_data` WHERE expiry < 1533893473

SELECT userid, adminid, user_name, user_rank, discount, email, data, expiry FROM `ectouch`.`ecs_sessions` WHERE sesskey = '98a14a4dfadb32670c992ea97bea91f2'

SELECT code, value FROM `ectouch`.`ecs_shop_config` WHERE parent_id > 0

SELECT COUNT(*) FROM `ectouch`.`ecs_order_info` WHERE add_time >= '1533866473'

SELECT COUNT(*) FROM `ectouch`.`ecs_order_info` WHERE pay_time >= 1533866473

UPDATE `ectouch`.`ecs_sessions` SET expiry = '1533895452', ip = '127.0.0.1', userid = '0', adminid = '1', user_name='0', user_rank='0', discount='0', email='0', data = 'a:4:{s:10:\"admin_name\";s:5:\"admin\";s:11:\"action_list\";s:3:\"all\";s:10:\"last_check\";i:1533866652;s:12:\"suppliers_id\";s:1:\"0\";}' WHERE sesskey = '98a14a4dfadb32670c992ea97bea91f2' LIMIT 1

DELETE FROM `ectouch`.`ecs_sessions` WHERE expiry < 1533893652

SELECT userid, adminid, user_name, user_rank, discount, email, data, expiry FROM `ectouch`.`ecs_sessions` WHERE sesskey = '98a14a4dfadb32670c992ea97bea91f2'

SELECT code, value FROM `ectouch`.`ecs_shop_config` WHERE parent_id > 0

SELECT COUNT(*) FROM `ectouch`.`ecs_order_info` WHERE add_time >= '1533866652'

SELECT COUNT(*) FROM `ectouch`.`ecs_order_info` WHERE pay_time >= 1533866652

UPDATE `ectouch`.`ecs_sessions` SET expiry = '1533895635', ip = '127.0.0.1', userid = '0', adminid = '1', user_name='0', user_rank='0', discount='0', email='0', data = 'a:4:{s:10:\"admin_name\";s:5:\"admin\";s:11:\"action_list\";s:3:\"all\";s:10:\"last_check\";i:1533866835;s:12:\"suppliers_id\";s:1:\"0\";}' WHERE sesskey = '98a14a4dfadb32670c992ea97bea91f2' LIMIT 1

SELECT userid, adminid, user_name, user_rank, discount, email, data, expiry FROM `ectouch`.`ecs_sessions` WHERE sesskey = '98a14a4dfadb32670c992ea97bea91f2'

SELECT code, value FROM `ectouch`.`ecs_shop_config` WHERE parent_id > 0

SELECT COUNT(*) FROM `ectouch`.`ecs_order_info` WHERE add_time >= '1533866835'

SELECT COUNT(*) FROM `ectouch`.`ecs_order_info` WHERE pay_time >= 1533866835

UPDATE `ectouch`.`ecs_sessions` SET expiry = '1533895816', ip = '127.0.0.1', userid = '0', adminid = '1', user_name='0', user_rank='0', discount='0', email='0', data = 'a:4:{s:10:\"admin_name\";s:5:\"admin\";s:11:\"action_list\";s:3:\"all\";s:10:\"last_check\";i:1533867016;s:12:\"suppliers_id\";s:1:\"0\";}' WHERE sesskey = '98a14a4dfadb32670c992ea97bea91f2' LIMIT 1

DELETE FROM `ectouch`.`ecs_sessions` WHERE expiry < 1533894016

SELECT userid, adminid, user_name, user_rank, discount, email, data, expiry FROM `ectouch`.`ecs_sessions` WHERE sesskey = '98a14a4dfadb32670c992ea97bea91f2'

SELECT code, value FROM `ectouch`.`ecs_shop_config` WHERE parent_id > 0

SELECT COUNT(*) FROM `ectouch`.`ecs_order_info` WHERE add_time >= '1533867016'

SELECT COUNT(*) FROM `ectouch`.`ecs_order_info` WHERE pay_time >= 1533867016

UPDATE `ectouch`.`ecs_sessions` SET expiry = '1533896172', ip = '127.0.0.1', userid = '0', adminid = '1', user_name='0', user_rank='0', discount='0', email='0', data = 'a:4:{s:10:\"admin_name\";s:5:\"admin\";s:11:\"action_list\";s:3:\"all\";s:10:\"last_check\";i:1533867372;s:12:\"suppliers_id\";s:1:\"0\";}' WHERE sesskey = '98a14a4dfadb32670c992ea97bea91f2' LIMIT 1

DELETE FROM `ectouch`.`ecs_sessions` WHERE expiry < 1533894372

SELECT userid, adminid, user_name, user_rank, discount, email, data, expiry FROM `ectouch`.`ecs_sessions` WHERE sesskey = '98a14a4dfadb32670c992ea97bea91f2'

SELECT code, value FROM `ectouch`.`ecs_shop_config` WHERE parent_id > 0

SELECT COUNT(*) FROM `ectouch`.`ecs_order_info` WHERE add_time >= '1533867372'

SELECT COUNT(*) FROM `ectouch`.`ecs_order_info` WHERE pay_time >= 1533867372

UPDATE `ectouch`.`ecs_sessions` SET expiry = '1533896352', ip = '127.0.0.1', userid = '0', adminid = '1', user_name='0', user_rank='0', discount='0', email='0', data = 'a:4:{s:10:\"admin_name\";s:5:\"admin\";s:11:\"action_list\";s:3:\"all\";s:10:\"last_check\";i:1533867552;s:12:\"suppliers_id\";s:1:\"0\";}' WHERE sesskey = '98a14a4dfadb32670c992ea97bea91f2' LIMIT 1

DELETE FROM `ectouch`.`ecs_sessions_data` WHERE expiry < 1533894552

DELETE FROM `ectouch`.`ecs_sessions` WHERE expiry < 1533894552

SELECT userid, adminid, user_name, user_rank, discount, email, data, expiry FROM `ectouch`.`ecs_sessions` WHERE sesskey = '98a14a4dfadb32670c992ea97bea91f2'

SELECT code, value FROM `ectouch`.`ecs_shop_config` WHERE parent_id > 0

SELECT COUNT(*) FROM `ectouch`.`ecs_order_info` WHERE add_time >= '1533867552'

SELECT COUNT(*) FROM `ectouch`.`ecs_order_info` WHERE pay_time >= 1533867552

UPDATE `ectouch`.`ecs_sessions` SET expiry = '1533896533', ip = '127.0.0.1', userid = '0', adminid = '1', user_name='0', user_rank='0', discount='0', email='0', data = 'a:4:{s:10:\"admin_name\";s:5:\"admin\";s:11:\"action_list\";s:3:\"all\";s:10:\"last_check\";i:1533867733;s:12:\"suppliers_id\";s:1:\"0\";}' WHERE sesskey = '98a14a4dfadb32670c992ea97bea91f2' LIMIT 1

